[16:03:01] [ServerMain/INFO]: Environment: authHost='https://authserver.mojang.com', accountsHost='https://api.mojang.com', sessionHost='https://sessionserver.mojang.com', servicesHost='https://api.minecraftservices.com', name='PROD'
[16:03:03] [ServerMain/INFO]: Loaded 7 recipes
[16:03:03] [Server thread/INFO]: Starting minecraft server version 1.20.1
[16:03:03] [Server thread/INFO]: Loading properties
[16:03:03] [Server thread/INFO]: This server is running CraftBukkit version 3871-Spigot-d2eba2c-3f9263b (MC: 1.20.1) (Implementing API version 1.20.1-R0.1-SNAPSHOT)
[16:03:04] [Server thread/INFO]: Debug logging is disabled
[16:03:04] [Server thread/INFO]: Server Ping Player Sample Count: 12
[16:03:04] [Server thread/INFO]: Using 4 threads for Netty based IO
[16:03:04] [Server thread/INFO]: Default game type: SURVIVAL
[16:03:04] [Server thread/INFO]: Generating keypair
[16:03:04] [Server thread/INFO]: Starting Minecraft server on *:25565
[16:03:04] [Server thread/INFO]: Using default channel type
[16:03:05] [Server thread/INFO]: [MobsToEggs] Loading 1 libraries... please wait
[16:03:06] [Server thread/INFO]: [MobsToEggs] Loaded library C:\Github\mundito.github.io\_servidor\libraries\org\jetbrains\kotlin\kotlin-stdlib\1.9.22\kotlin-stdlib-1.9.22.jar
[16:03:06] [Server thread/INFO]: [MobsToEggs] Loaded library C:\Github\mundito.github.io\_servidor\libraries\org\jetbrains\annotations\13.0\annotations-13.0.jar
[16:03:06] [Server thread/INFO]: [Waystones] Loading Waystones v1.0-1.16.3
[16:03:06] [Server thread/INFO]: [Revive] Loading Revive v1.0-SNAPSHOT
[16:03:06] [Server thread/INFO]: [LoginSecurity] Loading LoginSecurity v3.3.0
[16:03:06] [Server thread/INFO]: [PlaceholderAPI] Loading PlaceholderAPI v2.11.5
[16:03:06] [Server thread/INFO]: [ValorlessUtils] Loading ValorlessUtils v1.7.1.227
[16:03:06] [Server thread/INFO]: [ClearLag] Loading ClearLag v3.2.2
[16:03:06] [Server thread/INFO]: [CMILib] Loading CMILib v1.4.7.11
[16:03:06] [Server thread/INFO]: [WorldBorder] Loading WorldBorder v1.2
[16:03:06] [Server thread/INFO]: [Treecapitator] Loading Treecapitator v1.0.2
[16:03:06] [Server thread/INFO]: [InteractiveBooks] Loading InteractiveBooks v1.7.4
[16:03:06] [Server thread/INFO]: [ViaVersion] Loading ViaVersion v4.10.2
[16:03:06] [Server thread/INFO]: [ViaVersion] ViaVersion 4.10.2 is now loaded. Registering protocol transformers and injecting...
[16:03:06] [Via-Mappingloader-0/INFO]: [ViaVersion] Loading block connection mappings ...
[16:03:06] [Via-Mappingloader-0/INFO]: [ViaVersion] Using FastUtil Long2ObjectOpenHashMap for block connections
[16:03:06] [Server thread/INFO]: [eShulkerBox] Loading eShulkerBox v0.4.0
[16:03:06] [Server thread/INFO]: [36mShulkerBoxPlugin[0m loading...
[16:03:06] [Server thread/INFO]: [36mShulkerBoxPlugin[0m loaded in 63ms
[16:03:06] [Server thread/INFO]: [floodgate] Loading floodgate v2.2.3-SNAPSHOT (b106-792af7b)
[16:03:07] [Server thread/INFO]: [floodgate] Tardó 583ms en iniciar Floodgate
[16:03:07] [Server thread/INFO]: [ItemEditor] Loading ItemEditor v2.0.1
[16:03:07] [Server thread/INFO]: [LuckPerms] Loading LuckPerms v5.4.102
[16:03:07] [Server thread/INFO]: [ImageFrame] Loading ImageFrame v1.7.8.2
[16:03:07] [Server thread/INFO]: [Geyser-Spigot] Loading Geyser-Spigot v2.3.1-SNAPSHOT
[16:03:08] [Server thread/INFO]: [Geyser-Spigot] Cargando extensiones...
[16:03:08] [Server thread/INFO]: [Geyser-Spigot] Cargadas 0 extensión(es)
[16:03:08] [Server thread/INFO]: [Vault] Loading Vault v1.7.3-b131
[16:03:08] [Server thread/INFO]: [LPC] Loading LPC v3.6.0
[16:03:08] [Server thread/INFO]: [BottledExp] Loading BottledExp v3.2.2.5
[16:03:08] [Server thread/INFO]: [dynmap] Loading dynmap v3.7-beta-5-943
[16:03:08] [Server thread/INFO]: [dynmap] version=3871-Spigot-d2eba2c-3f9263b (MC: 1.20.1)
[16:03:08] [Server thread/INFO]: [dynmap] Mod Support API available
[16:03:08] [Server thread/INFO]: [WorldEdit] Loading WorldEdit v7.3.1+6763-2e55f4f
[16:03:08] [Server thread/INFO]: Got request to register class com.sk89q.worldedit.bukkit.BukkitServerInterface with WorldEdit [com.sk89q.worldedit.extension.platform.PlatformManager@19bf3005]
[16:03:08] [Server thread/INFO]: [Essentials] Loading Essentials v2.21.0-dev+81-cde7184
[16:03:08] [Server thread/INFO]: [Elevator] Loading Elevator v3.13.0
[16:03:08] [Server thread/INFO]: [WorldGuard] Loading WorldGuard v7.0.9+5934e49
[16:03:08] [Server thread/INFO]: [GSit] Loading GSit v1.9.1
[16:03:08] [Server thread/INFO]: [CoreProtect] Loading CoreProtect v22.4
[16:03:08] [Server thread/INFO]: [BetterStructures] Loading BetterStructures v1.6.10
[16:03:08] [Server thread/INFO]: [BetterStructures] WorldGuard is not enabled! WorldGuard is recommended when using the EliteMobs integration.
[16:03:08] [Server thread/INFO]: [Skript] Loading Skript v2.8.6
[16:03:08] [Server thread/INFO]: [SkQuery] Loading SkQuery v4.1.10
[16:03:08] [Server thread/INFO]: [Lootin] Loading Lootin v9.1
[16:03:08] [Server thread/INFO]: [Lootin] Found WorldGuard, registering lootin-container-access flag
[16:03:08] [Server thread/INFO]: [Lootin] Worldguard flag: lootin-container-access registered successfully
[16:03:08] [Server thread/INFO]: [Graves] Loading Graves v4.9
[16:03:09] [Server thread/INFO]: [Graves] Integration: Hooked into WorldGuard 7.0.9+5934e49.
[16:03:09] [Server thread/INFO]: [skript-yaml] Loading skript-yaml v1.5
[16:03:09] [Server thread/INFO]: [Towny] Loading Towny v0.100.2.0
[16:03:09] [Server thread/INFO]: [Shopkeepers] Loading Shopkeepers v2.19.0
[16:03:09] [Server thread/INFO]: [Shopkeepers] Loaded all plugin classes (350 ms).
[16:03:09] [Server thread/INFO]: [Shopkeepers] Loading config.
[16:03:09] [Server thread/INFO]: [Shopkeepers] Loading language file: language-en-default.yml
[16:03:09] [Server thread/INFO]: [Shopkeepers] Registering WorldGuard flag 'allow-shop'.
[16:03:09] [Server thread/INFO]: [Shopkeepers] Registering defaults.
[16:03:09] [Server thread/INFO]: [MobsToEggs] Loading MobsToEggs v1.7.9
[16:03:09] [Server thread/INFO]: [Dynmap-Towny] Loading Dynmap-Towny v1.1.2
[16:03:09] [Server thread/INFO]: [skript-towny] Loading skript-towny v1.0.2
[16:03:09] [Server thread/INFO]: [BlockLocker] Loading BlockLocker v1.12.2
[16:03:09] [Server thread/INFO]: [LuckPerms] Enabling LuckPerms v5.4.102
[16:03:09] [Server thread/WARN]: [LuckPerms] Loaded class net.kyori.adventure.text.Component from eShulkerBox v0.4.0 which is not a depend or softdepend of this plugin.
[16:03:10] [Server thread/INFO]: [0;36;1m       [0;36;22m __    [m
[16:03:10] [Server thread/INFO]: [0;36;1m  |    [0;36;22m|__)   [0;32;22mLuckPerms[m [0;36;1mv5.4.102[m
[16:03:10] [Server thread/INFO]: [0;36;1m  |___ [0;36;22m|      [0;30;1mRunning on Bukkit - CraftBukkit[m
[16:03:10] [Server thread/INFO]: [m
[16:03:10] [Server thread/INFO]: [LuckPerms] Loading configuration...
[16:03:10] [Server thread/INFO]: [LuckPerms] Loading storage provider... [H2]
[16:03:10] [Server thread/INFO]: [LuckPerms] Loading internal permission managers...
[16:03:11] [Server thread/INFO]: [LuckPerms] Performing initial data load...
[16:03:11] [Server thread/INFO]: [LuckPerms] Successfully enabled. (took 1772ms)
[16:03:11] [Server thread/INFO]: [Vault] Enabling Vault v1.7.3-b131
[16:03:11] [Server thread/WARN]: [Vault] Loaded class com.earth2me.essentials.api.Economy from Essentials v2.21.0-dev+81-cde7184 which is not a depend or softdepend of this plugin.
[16:03:11] [Server thread/INFO]: [Vault] [Economy] Essentials Economy found: Waiting
[16:03:11] [Server thread/INFO]: [Vault] [Permission] SuperPermissions loaded as backup permission system.
[16:03:11] [Server thread/INFO]: [Vault] Enabled Version 1.7.3-b131
[16:03:11] [Server thread/INFO]: [LuckPerms] Registered Vault permission & chat hook.
[16:03:11] [Server thread/INFO]: [WorldEdit] Enabling WorldEdit v7.3.1+6763-2e55f4f
[16:03:11] [Server thread/INFO]: Registering commands with com.sk89q.worldedit.bukkit.BukkitServerInterface
[16:03:11] [Server thread/INFO]: WEPIF: Vault detected! Using Vault for permissions
[16:03:11] [Server thread/INFO]: Using com.sk89q.worldedit.bukkit.adapter.impl.v1_20_R1.PaperweightAdapter as the Bukkit adapter
[16:03:12] [Server thread/INFO]: [WorldEdit] ====================================================
[16:03:12] [Server thread/INFO]: [WorldEdit]  WorldEdit works better if you use Paper 
[16:03:12] [Server thread/INFO]: [WorldEdit]  as your server software. 
[16:03:12] [Server thread/INFO]: [WorldEdit]   
[16:03:12] [Server thread/INFO]: [WorldEdit]  Paper offers significant performance improvements,
[16:03:12] [Server thread/INFO]: [WorldEdit]  bug fixes, security enhancements and optional
[16:03:12] [Server thread/INFO]: [WorldEdit]  features for server owners to enhance their server.
[16:03:12] [Server thread/INFO]: [WorldEdit]   
[16:03:12] [Server thread/INFO]: [WorldEdit]  Paper includes Timings v2, which is significantly
[16:03:12] [Server thread/INFO]: [WorldEdit]  better at diagnosing lag problems over v1.
[16:03:12] [Server thread/INFO]: [WorldEdit]   
[16:03:12] [Server thread/INFO]: [WorldEdit]  All of your plugins should still work, and the
[16:03:12] [Server thread/INFO]: [WorldEdit]  Paper community will gladly help you fix any issues.
[16:03:12] [Server thread/INFO]: [WorldEdit]   
[16:03:12] [Server thread/INFO]: [WorldEdit]  Join the Paper Community @ https://papermc.io
[16:03:12] [Server thread/INFO]: [WorldEdit] ====================================================
[16:03:12] [Server thread/INFO]: [BlockLocker] Enabling BlockLocker v1.12.2
[16:03:12] [Server thread/WARN]: Initializing Legacy Material Support. Unless you have legacy plugins and/or data this is a bug!
[16:03:15] [Server thread/WARN]: [BlockLocker] Cannot recognize material crafter, ignoring it
[16:03:15] [Server thread/WARN]: [BlockLocker] Cannot recognize material copper_door, ignoring it
[16:03:15] [Server thread/WARN]: [BlockLocker] Cannot recognize material exposed_copper_door, ignoring it
[16:03:15] [Server thread/WARN]: [BlockLocker] Cannot recognize material oxidized_copper_door, ignoring it
[16:03:15] [Server thread/WARN]: [BlockLocker] Cannot recognize material waxed_copper_door, ignoring it
[16:03:15] [Server thread/WARN]: [BlockLocker] Cannot recognize material waxed_exposed_copper_door, ignoring it
[16:03:15] [Server thread/WARN]: [BlockLocker] Cannot recognize material waxed_oxidized_copper_door, ignoring it
[16:03:15] [Server thread/WARN]: [BlockLocker] Cannot recognize material waxed_weathered_copper_door, ignoring it
[16:03:15] [Server thread/WARN]: [BlockLocker] Cannot recognize material weathered_copper_door, ignoring it
[16:03:15] [Server thread/WARN]: **** SERVER IS RUNNING IN OFFLINE/INSECURE MODE!
[16:03:15] [Server thread/WARN]: The server will make no attempt to authenticate usernames. Beware.
[16:03:15] [Server thread/WARN]: While this makes the game possible to play without internet access, it also opens up the ability for hackers to connect with any username they choose.
[16:03:15] [Server thread/WARN]: To change this, set "online-mode" to "true" in the server.properties file.
[16:03:15] [Server thread/INFO]: Preparing level "world"
[16:03:15] [Server thread/INFO]: -------- World Settings For [world] --------
[16:03:15] [Server thread/INFO]: Experience Merge Radius: 3.0
[16:03:15] [Server thread/INFO]: Hopper Transfer: 8 Hopper Check: 1 Hopper Amount: 1 Hopper Can Load Chunks: false
[16:03:15] [Server thread/INFO]: Item Despawn Rate: 6000
[16:03:15] [Server thread/INFO]: View Distance: 10
[16:03:15] [Server thread/INFO]: Simulation Distance: 8
[16:03:15] [Server thread/INFO]: Item Merge Radius: 2.5
[16:03:15] [Server thread/INFO]: Allow Zombie Pigmen to spawn from portal blocks: true
[16:03:15] [Server thread/INFO]: Arrow Despawn Rate: 1200 Trident Respawn Rate:1200
[16:03:15] [Server thread/INFO]: Zombie Aggressive Towards Villager: true
[16:03:15] [Server thread/INFO]: Nerfing mobs spawned from spawners: false
[16:03:15] [Server thread/INFO]: Mob Spawn Range: 6
[16:03:15] [Server thread/INFO]: Custom Map Seeds:  Village: 10387312 Desert: 14357617 Igloo: 14357618 Jungle: 14357619 Swamp: 14357620 Monument: 10387313 Ocean: 14357621 Shipwreck: 165745295 End City: 10387313 Slime: 987234911 Nether: 30084232 Mansion: 10387319 Fossil: 14357921 Portal: 34222645
[16:03:15] [Server thread/INFO]: Cactus Growth Modifier: 100%
[16:03:15] [Server thread/INFO]: Cane Growth Modifier: 100%
[16:03:15] [Server thread/INFO]: Melon Growth Modifier: 100%
[16:03:15] [Server thread/INFO]: Mushroom Growth Modifier: 100%
[16:03:15] [Server thread/INFO]: Pumpkin Growth Modifier: 100%
[16:03:15] [Server thread/INFO]: Sapling Growth Modifier: 100%
[16:03:15] [Server thread/INFO]: Beetroot Growth Modifier: 100%
[16:03:15] [Server thread/INFO]: Carrot Growth Modifier: 100%
[16:03:15] [Server thread/INFO]: Potato Growth Modifier: 100%
[16:03:15] [Server thread/INFO]: Wheat Growth Modifier: 100%
[16:03:15] [Server thread/INFO]: NetherWart Growth Modifier: 100%
[16:03:15] [Server thread/INFO]: Vine Growth Modifier: 100%
[16:03:15] [Server thread/INFO]: Cocoa Growth Modifier: 100%
[16:03:15] [Server thread/INFO]: Bamboo Growth Modifier: 100%
[16:03:15] [Server thread/INFO]: SweetBerry Growth Modifier: 100%
[16:03:15] [Server thread/INFO]: Kelp Growth Modifier: 100%
[16:03:15] [Server thread/INFO]: TwistingVines Growth Modifier: 100%
[16:03:15] [Server thread/INFO]: WeepingVines Growth Modifier: 100%
[16:03:15] [Server thread/INFO]: CaveVines Growth Modifier: 100%
[16:03:15] [Server thread/INFO]: Entity Activation Range: An 32 / Mo 32 / Ra 48 / Mi 16 / Tiv true / Isa false
[16:03:15] [Server thread/INFO]: Entity Tracking Range: Pl 48 / An 48 / Mo 48 / Mi 32 / Di 128 / Other 64
[16:03:15] [Server thread/INFO]: Tile Max Tick Time: 50ms Entity max Tick Time: 50ms
[16:03:15] [Server thread/INFO]: Max TNT Explosions: 100
[16:03:15] [Server thread/INFO]: -------- World Settings For [world_nether] --------
[16:03:15] [Server thread/INFO]: Experience Merge Radius: 3.0
[16:03:15] [Server thread/INFO]: Hopper Transfer: 8 Hopper Check: 1 Hopper Amount: 1 Hopper Can Load Chunks: false
[16:03:15] [Server thread/INFO]: Item Despawn Rate: 6000
[16:03:15] [Server thread/INFO]: View Distance: 10
[16:03:15] [Server thread/INFO]: Simulation Distance: 8
[16:03:15] [Server thread/INFO]: Item Merge Radius: 2.5
[16:03:15] [Server thread/INFO]: Allow Zombie Pigmen to spawn from portal blocks: true
[16:03:15] [Server thread/INFO]: Arrow Despawn Rate: 1200 Trident Respawn Rate:1200
[16:03:15] [Server thread/INFO]: Zombie Aggressive Towards Villager: true
[16:03:15] [Server thread/INFO]: Nerfing mobs spawned from spawners: false
[16:03:15] [Server thread/INFO]: Mob Spawn Range: 6
[16:03:15] [Server thread/INFO]: Custom Map Seeds:  Village: 10387312 Desert: 14357617 Igloo: 14357618 Jungle: 14357619 Swamp: 14357620 Monument: 10387313 Ocean: 14357621 Shipwreck: 165745295 End City: 10387313 Slime: 987234911 Nether: 30084232 Mansion: 10387319 Fossil: 14357921 Portal: 34222645
[16:03:15] [Server thread/INFO]: Cactus Growth Modifier: 100%
[16:03:15] [Server thread/INFO]: Cane Growth Modifier: 100%
[16:03:15] [Server thread/INFO]: Melon Growth Modifier: 100%
[16:03:15] [Server thread/INFO]: Mushroom Growth Modifier: 100%
[16:03:15] [Server thread/INFO]: Pumpkin Growth Modifier: 100%
[16:03:15] [Server thread/INFO]: Sapling Growth Modifier: 100%
[16:03:15] [Server thread/INFO]: Beetroot Growth Modifier: 100%
[16:03:15] [Server thread/INFO]: Carrot Growth Modifier: 100%
[16:03:15] [Server thread/INFO]: Potato Growth Modifier: 100%
[16:03:15] [Server thread/INFO]: Wheat Growth Modifier: 100%
[16:03:15] [Server thread/INFO]: NetherWart Growth Modifier: 100%
[16:03:15] [Server thread/INFO]: Vine Growth Modifier: 100%
[16:03:15] [Server thread/INFO]: Cocoa Growth Modifier: 100%
[16:03:15] [Server thread/INFO]: Bamboo Growth Modifier: 100%
[16:03:15] [Server thread/INFO]: SweetBerry Growth Modifier: 100%
[16:03:15] [Server thread/INFO]: Kelp Growth Modifier: 100%
[16:03:15] [Server thread/INFO]: TwistingVines Growth Modifier: 100%
[16:03:15] [Server thread/INFO]: WeepingVines Growth Modifier: 100%
[16:03:15] [Server thread/INFO]: CaveVines Growth Modifier: 100%
[16:03:15] [Server thread/INFO]: Entity Activation Range: An 32 / Mo 32 / Ra 48 / Mi 16 / Tiv true / Isa false
[16:03:15] [Server thread/INFO]: Entity Tracking Range: Pl 48 / An 48 / Mo 48 / Mi 32 / Di 128 / Other 64
[16:03:15] [Server thread/INFO]: Tile Max Tick Time: 50ms Entity max Tick Time: 50ms
[16:03:15] [Server thread/INFO]: Max TNT Explosions: 100
[16:03:16] [Server thread/INFO]: -------- World Settings For [world_the_end] --------
[16:03:16] [Server thread/INFO]: Experience Merge Radius: 3.0
[16:03:16] [Server thread/INFO]: Hopper Transfer: 8 Hopper Check: 1 Hopper Amount: 1 Hopper Can Load Chunks: false
[16:03:16] [Server thread/INFO]: Item Despawn Rate: 6000
[16:03:16] [Server thread/INFO]: View Distance: 10
[16:03:16] [Server thread/INFO]: Simulation Distance: 8
[16:03:16] [Server thread/INFO]: Item Merge Radius: 2.5
[16:03:16] [Server thread/INFO]: Allow Zombie Pigmen to spawn from portal blocks: true
[16:03:16] [Server thread/INFO]: Arrow Despawn Rate: 1200 Trident Respawn Rate:1200
[16:03:16] [Server thread/INFO]: Zombie Aggressive Towards Villager: true
[16:03:16] [Server thread/INFO]: Nerfing mobs spawned from spawners: false
[16:03:16] [Server thread/INFO]: Mob Spawn Range: 6
[16:03:16] [Server thread/INFO]: Custom Map Seeds:  Village: 10387312 Desert: 14357617 Igloo: 14357618 Jungle: 14357619 Swamp: 14357620 Monument: 10387313 Ocean: 14357621 Shipwreck: 165745295 End City: 10387313 Slime: 987234911 Nether: 30084232 Mansion: 10387319 Fossil: 14357921 Portal: 34222645
[16:03:16] [Server thread/INFO]: Cactus Growth Modifier: 100%
[16:03:16] [Server thread/INFO]: Cane Growth Modifier: 100%
[16:03:16] [Server thread/INFO]: Melon Growth Modifier: 100%
[16:03:16] [Server thread/INFO]: Mushroom Growth Modifier: 100%
[16:03:16] [Server thread/INFO]: Pumpkin Growth Modifier: 100%
[16:03:16] [Server thread/INFO]: Sapling Growth Modifier: 100%
[16:03:16] [Server thread/INFO]: Beetroot Growth Modifier: 100%
[16:03:16] [Server thread/INFO]: Carrot Growth Modifier: 100%
[16:03:16] [Server thread/INFO]: Potato Growth Modifier: 100%
[16:03:16] [Server thread/INFO]: Wheat Growth Modifier: 100%
[16:03:16] [Server thread/INFO]: NetherWart Growth Modifier: 100%
[16:03:16] [Server thread/INFO]: Vine Growth Modifier: 100%
[16:03:16] [Server thread/INFO]: Cocoa Growth Modifier: 100%
[16:03:16] [Server thread/INFO]: Bamboo Growth Modifier: 100%
[16:03:16] [Server thread/INFO]: SweetBerry Growth Modifier: 100%
[16:03:16] [Server thread/INFO]: Kelp Growth Modifier: 100%
[16:03:16] [Server thread/INFO]: TwistingVines Growth Modifier: 100%
[16:03:16] [Server thread/INFO]: WeepingVines Growth Modifier: 100%
[16:03:16] [Server thread/INFO]: CaveVines Growth Modifier: 100%
[16:03:16] [Server thread/INFO]: Entity Activation Range: An 32 / Mo 32 / Ra 48 / Mi 16 / Tiv true / Isa false
[16:03:16] [Server thread/INFO]: Entity Tracking Range: Pl 48 / An 48 / Mo 48 / Mi 32 / Di 128 / Other 64
[16:03:16] [Server thread/INFO]: Tile Max Tick Time: 50ms Entity max Tick Time: 50ms
[16:03:16] [Server thread/INFO]: Max TNT Explosions: 100
[16:03:16] [Server thread/INFO]: Preparing start region for dimension minecraft:overworld
[16:03:19] [Worker-Main-1/INFO]: Preparing spawn area: 0%
[16:03:19] [Worker-Main-10/INFO]: Preparing spawn area: 0%
[16:03:19] [Worker-Main-4/INFO]: Preparing spawn area: 0%
[16:03:19] [Worker-Main-7/INFO]: Preparing spawn area: 0%
[16:03:19] [Worker-Main-2/INFO]: Preparing spawn area: 0%
[16:03:19] [Worker-Main-1/INFO]: Preparing spawn area: 0%
[16:03:19] [Worker-Main-5/INFO]: Preparing spawn area: 0%
[16:03:19] [Worker-Main-6/INFO]: Preparing spawn area: 10%
[16:03:20] [Worker-Main-6/INFO]: Preparing spawn area: 87%
[16:03:20] [Server thread/INFO]: Time elapsed: 4052 ms
[16:03:20] [Server thread/INFO]: Preparing start region for dimension minecraft:the_nether
[16:03:22] [Worker-Main-10/INFO]: Preparing spawn area: 0%
[16:03:22] [Worker-Main-10/INFO]: Preparing spawn area: 0%
[16:03:22] [Worker-Main-10/INFO]: Preparing spawn area: 0%
[16:03:22] [Worker-Main-10/INFO]: Preparing spawn area: 0%
[16:03:22] [Worker-Main-10/INFO]: Preparing spawn area: 0%
[16:03:23] [Worker-Main-11/INFO]: Preparing spawn area: 35%
[16:03:23] [Server thread/INFO]: Time elapsed: 2815 ms
[16:03:23] [Server thread/INFO]: Preparing start region for dimension minecraft:the_end
[16:03:25] [Worker-Main-8/INFO]: Preparing spawn area: 0%
[16:03:25] [Worker-Main-9/INFO]: Preparing spawn area: 0%
[16:03:25] [Worker-Main-9/INFO]: Preparing spawn area: 0%
[16:03:25] [Worker-Main-9/INFO]: Preparing spawn area: 0%
[16:03:25] [Worker-Main-4/INFO]: Preparing spawn area: 0%
[16:03:25] [Worker-Main-5/INFO]: Preparing spawn area: 90%
[16:03:25] [Server thread/INFO]: Time elapsed: 2532 ms
[16:03:25] [Server thread/INFO]: [Waystones] Enabling Waystones v1.0-1.16.3
[16:03:26] [Server thread/INFO]: [Waystones] Loading recipes!
[16:03:26] [Server thread/INFO]: [Waystones] Loading advancements!
[16:03:26] [Server thread/INFO]: [Waystones] Waystones loaded!
[16:03:26] [Server thread/INFO]: [Revive] Enabling Revive v1.0-SNAPSHOT
[16:03:26] [Server thread/INFO]: [LoginSecurity] Enabling LoginSecurity v3.3.0
[16:03:26] [Server thread/INFO]: [LoginSecurity] Loading base translations from "en_us"
[16:03:26] [Server thread/INFO]: [LoginSecurity] Loading specified translations from "en_us"
[16:03:26] [Server thread/INFO]: [LoginSecurity] Registering commands...
[16:03:26] [Server thread/INFO]: [LoginSecurity] Registering listeners...
[16:03:26] [Server thread/INFO]: [LoginSecurity] Using 1.12+ map captcha renderer
[16:03:26] [Server thread/INFO]: [PlaceholderAPI] Enabling PlaceholderAPI v2.11.5
[16:03:26] [Server thread/WARN]: [PlaceholderAPI] Loaded class net.kyori.adventure.text.Component from eShulkerBox v0.4.0 which is not a depend or softdepend of this plugin.
[16:03:26] [Server thread/INFO]: [PlaceholderAPI] Fetching available expansion information...
[16:03:26] [Server thread/INFO]: [ValorlessUtils] Enabling ValorlessUtils v1.7.1.227
[16:03:26] [Server thread/INFO]: [ClearLag] Enabling ClearLag v3.2.2
[16:03:26] [Server thread/INFO]: [ClearLag] Using version-adapter: LatestVersionAdapter
[16:03:26] [Server thread/INFO]: [ClearLag] Loading modules...
[16:03:26] [Server thread/WARN]: [ClearLag] Clearlag failed to use the internal TPS tracker during initialization. Reverted to estimation... (net.minecraft.server.v1_20_R1.MinecraftServer)
[16:03:26] [Server thread/INFO]: [ClearLag] Modules enabed, loading config values
[16:03:26] [Server thread/INFO]: [ClearLag] Modules have been loaded!
[16:03:26] [Server thread/INFO]: [ClearLag] Clearlag is now enabled!
[16:03:26] [Thread-13/INFO]: [ClearLag] Checking for updates compatible with your bukkit version [1.20]...
[16:03:26] [Server thread/INFO]: [CMILib] Enabling CMILib v1.4.7.11
[16:03:26] [Thread-13/INFO]: [ClearLag] No updates found!
[16:03:27] [Server thread/INFO]: [0;36;22mServer version: v1_20_R1 - 1.20.1 - spigot  3871-Spigot-d2eba2c-3f9263b (MC: 1.20.1)[m
[16:03:27] [Server thread/INFO]: [PlaceholderAPI] Successfully registered internal expansion: cmil [1.4.7.11]
[16:03:27] [Server thread/INFO]: PlaceholderAPI hooked.[m
[16:03:27] [Server thread/INFO]: Updated (EN) language file. Took [0;33;22m31ms[m
[16:03:27] [Server thread/INFO]: [WorldBorder] Enabling WorldBorder v1.2
[16:03:27] [Server thread/INFO]: [Treecapitator] Enabling Treecapitator v1.0.2
[16:03:27] [Server thread/INFO]: [InteractiveBooks] Enabling InteractiveBooks v1.7.4
[16:03:28] [Server thread/WARN]: [InteractiveBooks] Loaded class net.kyori.adventure.text.Component from eShulkerBox v0.4.0 which is not a depend or softdepend of this plugin.
[16:03:28] [Server thread/INFO]: [InteractiveBooks] [NBTAPI] Found Minecraft: v1_20_R1! Trying to find NMS support
[16:03:28] [Server thread/INFO]: [InteractiveBooks] [NBTAPI] NMS support 'MC1_20_R1' loaded!
[16:03:28] [Server thread/INFO]: [InteractiveBooks] [NBTAPI] Using the plugin 'InteractiveBooks' to create a bStats instance!
[16:03:28] [Server thread/INFO]: [ViaVersion] Enabling ViaVersion v4.10.2
[16:03:28] [Server thread/INFO]: [ViaVersion] ViaVersion detected server version: 1.20-1.20.1 (763)
[16:03:28] [Server thread/INFO]: [eShulkerBox] Enabling eShulkerBox v0.4.0
[16:03:28] [Server thread/INFO]: ShulkerBoxPlugin initializing...
[16:03:28] [Server thread/INFO]: Initialized 'CommandService'
[16:03:28] [Server thread/INFO]: Initialized 'MessageService'
[16:03:28] [Server thread/INFO]: Loading custom shulker box default_shulkerbox.yaml...
[16:03:28] [Server thread/ERROR]: Error occurred while enabling eShulkerBox v0.4.0 (Is it up to date?)
java.lang.NoClassDefFoundError: net/kyori/adventure/text/serializer/plain/PlainTextComponentSerializer
	at cz.enetwork.core.provider.util.text.TextUtil.componentToString(TextUtil.java:174) ~[?:?]
	at cz.enetwork.core.provider.util.text.TextUtil.text(TextUtil.java:297) ~[?:?]
	at cz.enetwork.core.provider.util.text.TextUtil.text(TextUtil.java:281) ~[?:?]
	at cz.enetwork.shulkerbox.mechanics.item.ItemMechanic$TemplateItemSettings.buildItem(ItemMechanic.java:432) ~[?:?]
	at cz.enetwork.shulkerbox.mechanics.item.ItemMechanic.init(ItemMechanic.java:153) ~[?:?]
	at cz.enetwork.common.abstraction.ControllerManager.lambda$new$0(ControllerManager.java:24) ~[?:?]
	at cz.enetwork.common.abstraction.ControllerManager.initializeAll(ControllerManager.java:70) ~[?:?]
	at cz.enetwork.core.services.ServersidePlugin.onEnable(ServersidePlugin.java:46) ~[?:?]
	at org.bukkit.plugin.java.JavaPlugin.setEnabled(JavaPlugin.java:266) ~[spigot-api-1.20.1-R0.1-SNAPSHOT.jar:?]
	at org.bukkit.plugin.java.JavaPluginLoader.enablePlugin(JavaPluginLoader.java:342) ~[spigot-api-1.20.1-R0.1-SNAPSHOT.jar:?]
	at org.bukkit.plugin.SimplePluginManager.enablePlugin(SimplePluginManager.java:480) ~[spigot-api-1.20.1-R0.1-SNAPSHOT.jar:?]
	at org.bukkit.craftbukkit.v1_20_R1.CraftServer.enablePlugin(CraftServer.java:546) ~[spigot-1.20.1-R0.1-SNAPSHOT.jar:3871-Spigot-d2eba2c-3f9263b]
	at org.bukkit.craftbukkit.v1_20_R1.CraftServer.enablePlugins(CraftServer.java:460) ~[spigot-1.20.1-R0.1-SNAPSHOT.jar:3871-Spigot-d2eba2c-3f9263b]
	at net.minecraft.server.MinecraftServer.loadWorld0(MinecraftServer.java:588) ~[spigot-1.20.1-R0.1-SNAPSHOT.jar:3871-Spigot-d2eba2c-3f9263b]
	at net.minecraft.server.MinecraftServer.loadLevel(MinecraftServer.java:413) ~[spigot-1.20.1-R0.1-SNAPSHOT.jar:3871-Spigot-d2eba2c-3f9263b]
	at net.minecraft.server.dedicated.DedicatedServer.e(DedicatedServer.java:250) ~[spigot-1.20.1-R0.1-SNAPSHOT.jar:3871-Spigot-d2eba2c-3f9263b]
	at net.minecraft.server.MinecraftServer.w(MinecraftServer.java:972) ~[spigot-1.20.1-R0.1-SNAPSHOT.jar:3871-Spigot-d2eba2c-3f9263b]
	at net.minecraft.server.MinecraftServer.lambda$0(MinecraftServer.java:303) ~[spigot-1.20.1-R0.1-SNAPSHOT.jar:3871-Spigot-d2eba2c-3f9263b]
	at java.lang.Thread.run(Thread.java:1583) ~[?:?]
Caused by: java.lang.ClassNotFoundException: net.kyori.adventure.text.serializer.plain.PlainTextComponentSerializer
	at org.bukkit.plugin.java.PluginClassLoader.loadClass0(PluginClassLoader.java:147) ~[spigot-api-1.20.1-R0.1-SNAPSHOT.jar:?]
	at org.bukkit.plugin.java.PluginClassLoader.loadClass(PluginClassLoader.java:99) ~[spigot-api-1.20.1-R0.1-SNAPSHOT.jar:?]
	at java.lang.ClassLoader.loadClass(ClassLoader.java:526) ~[?:?]
	... 19 more
[16:03:28] [Server thread/INFO]: [floodgate] Enabling floodgate v2.2.3-SNAPSHOT (b106-792af7b)
[16:03:28] [Server thread/INFO]: [ItemEditor] Enabling ItemEditor v2.0.1
[16:03:28] [Server thread/INFO]: [ItemEditor] Detected major version 20 and minor version 1
[16:03:28] [Server thread/INFO]: [ItemEditor] Reloading items.
[16:03:28] [Server thread/INFO]: [ItemEditor] Loaded 0 items from storage.
[16:03:28] [Server thread/INFO]: [ItemEditor] Enabled PlaceholderAPI support.
[16:03:28] [Server thread/INFO]: [ImageFrame] Enabling ImageFrame v1.7.8.2
[16:03:28] [Server thread/INFO]: [0;36;1m[ImageFrame] ImageFrame has hooked into ViaVersion![m
[16:03:28] [Server thread/INFO]: [0;32;1m[ImageFrame] ImageFrame has been Enabled![m
[16:03:28] [Server thread/INFO]: [Geyser-Spigot] Enabling Geyser-Spigot v2.3.1-SNAPSHOT
[16:03:28] [Server thread/INFO]: [LPC] Enabling LPC v3.6.0
[16:03:28] [Server thread/INFO]: [BottledExp] Enabling BottledExp v3.2.2.5
[16:03:29] [Server thread/INFO]: [0;36;22m[BottledExp][0;33;22m Version 3.2.2.5 has been enabled[m
[16:03:29] [Server thread/INFO]: [BottledExp] Using LuckPerms via Vault.
[16:03:29] [Server thread/INFO]: [dynmap] Enabling dynmap v3.7-beta-5-943
[16:03:29] [Server thread/INFO]: [dynmap] Added 20 custom biome mappings
[16:03:29] [Server thread/INFO]: [dynmap] Using LuckPerms 5.4.102 for access control
[16:03:29] [Server thread/INFO]: [dynmap] Mod Support processing completed
[16:03:31] [Server thread/INFO]: [dynmap] Loaded 27 shaders.
[16:03:31] [Server thread/INFO]: [dynmap] Loaded 83 perspectives.
[16:03:31] [Server thread/INFO]: [dynmap] Loaded 22 lightings.
[16:03:31] [Server thread/INFO]: [dynmap] Starting enter/exit processing
[16:03:31] [Dynmap Render Thread/INFO]: [dynmap] Finish marker initialization
[16:03:31] [Server thread/INFO]: [dynmap] Web server started on address 0.0.0.0:8123
[16:03:31] [Server thread/INFO]: [dynmap] version 3.7-beta-5-943 is enabled - core version 3.7-beta-5-943
[16:03:31] [Server thread/INFO]: [dynmap] For support, visit our Discord at https://discord.gg/s3rd5qn
[16:03:31] [Server thread/INFO]: [dynmap] For news, visit https://reddit.com/r/Dynmap or follow https://universeodon.com/@dynmap
[16:03:31] [Server thread/INFO]: [dynmap] To report or track bugs, visit https://github.com/webbukkit/dynmap/issues
[16:03:31] [Server thread/INFO]: [dynmap] If you'd like to donate, please visit https://www.patreon.com/dynmap or https://ko-fi.com/michaelprimm
[16:03:31] [Server thread/INFO]: [dynmap] Loaded 1 maps of world 'world'.
[16:03:31] [Server thread/INFO]: [dynmap] World 'world_nether' disabled
[16:03:31] [Server thread/INFO]: [dynmap] Loaded 2 maps of world 'world_the_end'.
[16:03:31] [Server thread/INFO]: [dynmap] Enabled
[16:03:31] [Server thread/INFO]: [Essentials] Enabling Essentials v2.21.0-dev+81-cde7184
[16:03:32] [Server thread/ERROR]: Estas ejecutando una version del servidor no soportada!
[16:03:32] [Server thread/INFO]: Attempting to convert old kits in config.yml to new kits.yml
[16:03:32] [Server thread/INFO]: No kits found to migrate.
[16:03:32] [Server thread/INFO]: Loaded 39095 items from items.json.
[16:03:32] [Server thread/INFO]: Using locale es_ES
[16:03:32] [Server thread/INFO]: ServerListPingEvent: Spigot iterator API
[16:03:32] [Server thread/WARN]: Loaded class {0} from {1} which is not a depend or softdepend of this plugin.
[16:03:32] [Server thread/INFO]: Starting Metrics. Opt-out using the global bStats config.
[16:03:32] [Server thread/INFO]: [Vault] [Economy] Essentials Economy hooked.
[16:03:32] [Server thread/INFO]: Using Vault based permissions (LuckPerms)
[16:03:32] [Server thread/INFO]: [Elevator] Enabling Elevator v3.13.0
[16:03:32] [Server thread/INFO]: [WorldGuard] Enabling WorldGuard v7.0.9+5934e49
[16:03:32] [Server thread/INFO]: [WorldGuard] (world) TNT ignition is PERMITTED.
[16:03:32] [Server thread/INFO]: [WorldGuard] (world) Lighters are PERMITTED.
[16:03:32] [Server thread/INFO]: [WorldGuard] (world) Lava fire is PERMITTED.
[16:03:32] [Server thread/INFO]: [WorldGuard] (world) Fire spread is UNRESTRICTED.
[16:03:32] [Server thread/INFO]: [WorldGuard] Loaded configuration for world 'world'
[16:03:32] [Server thread/INFO]: [WorldGuard] (world_nether) TNT ignition is PERMITTED.
[16:03:32] [Server thread/INFO]: [WorldGuard] (world_nether) Lighters are PERMITTED.
[16:03:32] [Server thread/INFO]: [WorldGuard] (world_nether) Lava fire is PERMITTED.
[16:03:32] [Server thread/INFO]: [WorldGuard] (world_nether) Fire spread is UNRESTRICTED.
[16:03:32] [Server thread/INFO]: [WorldGuard] Loaded configuration for world 'world_nether'
[16:03:32] [Server thread/INFO]: [WorldGuard] (world_the_end) TNT ignition is PERMITTED.
[16:03:32] [Server thread/INFO]: [WorldGuard] (world_the_end) Lighters are PERMITTED.
[16:03:32] [Server thread/INFO]: [WorldGuard] (world_the_end) Lava fire is PERMITTED.
[16:03:32] [Server thread/INFO]: [WorldGuard] (world_the_end) Fire spread is UNRESTRICTED.
[16:03:32] [Server thread/INFO]: [WorldGuard] Loaded configuration for world 'world_the_end'
[16:03:32] [Server thread/INFO]: [WorldGuard] Loading region data...
[16:03:32] [Server thread/INFO]: [GSit] Enabling GSit v1.9.1
[16:03:32] [Server thread/INFO]: [0;37;22m[[0;33;22mGSit[0;37;22m][0;32;1m The plugin was successfully enabled.[m
[16:03:32] [Server thread/INFO]: [0;37;22m[[0;33;22mGSit[0;37;22m][0;32;1m Link with[0;33;22m PlaceholderAPI[0;32;1m successful![m
[16:03:32] [Server thread/INFO]: [PlaceholderAPI] Successfully registered internal expansion: gsit [1.9.1]
[16:03:32] [Server thread/INFO]: [0;37;22m[[0;33;22mGSit[0;37;22m][0;32;1m Link with[0;33;22m ViaVersion[0;32;1m successful![m
[16:03:32] [Server thread/INFO]: [0;37;22m[[0;33;22mGSit[0;37;22m][0;32;1m Link with[0;33;22m WorldGuard[0;32;1m successful![m
[16:03:32] [Server thread/INFO]: [CoreProtect] Enabling CoreProtect v22.4
[16:03:33] [Server thread/INFO]: [0;37;1m[0;37;1m[m[CoreProtect] CoreProtect has been successfully enabled![0;37;1m[0;37;1m [m
[16:03:33] [Server thread/INFO]: [CoreProtect] Using SQLite for data storage.
[16:03:33] [Server thread/INFO]: --------------------
[16:03:33] [Server thread/INFO]: [CoreProtect] Enjoy CoreProtect? Join our Discord!
[16:03:33] [Server thread/INFO]: [CoreProtect] Discord: www.coreprotect.net/discord/
[16:03:33] [Server thread/INFO]: --------------------
[16:03:33] [Server thread/INFO]: [BetterStructures] Enabling BetterStructures v1.6.10
[16:03:33] [Server thread/INFO]: [BetterStructures]     ____       __  __            _____ __                  __                      
[16:03:33] [Server thread/INFO]: [BetterStructures]    / __ )___  / /_/ /____  _____/ ___// /________  _______/ /___  __________  _____
[16:03:33] [Server thread/INFO]: [BetterStructures]   / __  / _ \/ __/ __/ _ \/ ___/\__ \/ __/ ___/ / / / ___/ __/ / / / ___/ _ \/ ___/
[16:03:33] [Server thread/INFO]: [BetterStructures]  / /_/ /  __/ /_/ /_/  __/ /   ___/ / /_/ /  / /_/ / /__/ /_/ /_/ / /  /  __(__  ) 
[16:03:33] [Server thread/INFO]: [BetterStructures] /_____/\___/\__/\__/\___/_/   /____/\__/_/   \__,_/\___/\__/\__,_/_/   \___/____/
[16:03:33] [Server thread/INFO]: [BetterStructures] Initialized version 1.6.10!
[16:03:33] [pool-13-thread-1/WARN]: [floodgate] 
**********************************
* The prefix you entered in your Floodgate config (_) could lead to username conflicts!
* Should a Java player join with the username _Notch, and a Bedrock player join as Notch (who will be given the name _Notch), unwanted results will happen!
* We strongly recommend using . as the prefix, but other alternatives that will not conflict include: +, - and *
**********************************
[16:03:34] [Server thread/WARN]: [BetterStructures] betterstructures_em_floatingcave_barren.yml uses EliteMobs bosses but you do not have EliteMobs installed! BetterStructures does not require EliteMobs to work, but if you want cool EliteMobs boss fights you will have to install EliteMobs here: https://www.spigotmc.org/resources/%E2%9A%94elitemobs%E2%9A%94.40090/
[16:03:34] [Server thread/WARN]: [BetterStructures] Since EliteMobs is not installed, betterstructures_em_floatingcave_barren.yml will not be used.
[16:03:34] [Server thread/WARN]: [BetterStructures] betterstructures_em_throneroom_nether.yml uses EliteMobs bosses but you do not have EliteMobs installed! BetterStructures does not require EliteMobs to work, but if you want cool EliteMobs boss fights you will have to install EliteMobs here: https://www.spigotmc.org/resources/%E2%9A%94elitemobs%E2%9A%94.40090/
[16:03:34] [Server thread/WARN]: [BetterStructures] Since EliteMobs is not installed, betterstructures_em_throneroom_nether.yml will not be used.
[16:03:34] [Server thread/WARN]: [BetterStructures] betterstructures_em_surfacedungeon_barren.yml uses EliteMobs bosses but you do not have EliteMobs installed! BetterStructures does not require EliteMobs to work, but if you want cool EliteMobs boss fights you will have to install EliteMobs here: https://www.spigotmc.org/resources/%E2%9A%94elitemobs%E2%9A%94.40090/
[16:03:34] [Server thread/WARN]: [BetterStructures] Since EliteMobs is not installed, betterstructures_em_surfacedungeon_barren.yml will not be used.
[16:03:34] [Server thread/WARN]: [BetterStructures] betterstructures_em_throneroom_deepunderground.yml uses EliteMobs bosses but you do not have EliteMobs installed! BetterStructures does not require EliteMobs to work, but if you want cool EliteMobs boss fights you will have to install EliteMobs here: https://www.spigotmc.org/resources/%E2%9A%94elitemobs%E2%9A%94.40090/
[16:03:34] [Server thread/WARN]: [BetterStructures] Since EliteMobs is not installed, betterstructures_em_throneroom_deepunderground.yml will not be used.
[16:03:35] [Server thread/WARN]: [BetterStructures] betterstructures_em_hiddendungeon_tundra.yml uses EliteMobs bosses but you do not have EliteMobs installed! BetterStructures does not require EliteMobs to work, but if you want cool EliteMobs boss fights you will have to install EliteMobs here: https://www.spigotmc.org/resources/%E2%9A%94elitemobs%E2%9A%94.40090/
[16:03:35] [Server thread/WARN]: [BetterStructures] Since EliteMobs is not installed, betterstructures_em_hiddendungeon_tundra.yml will not be used.
[16:03:35] [Server thread/WARN]: [BetterStructures] betterstructures_em_throneroom_dripstone.yml uses EliteMobs bosses but you do not have EliteMobs installed! BetterStructures does not require EliteMobs to work, but if you want cool EliteMobs boss fights you will have to install EliteMobs here: https://www.spigotmc.org/resources/%E2%9A%94elitemobs%E2%9A%94.40090/
[16:03:35] [Server thread/WARN]: [BetterStructures] Since EliteMobs is not installed, betterstructures_em_throneroom_dripstone.yml will not be used.
[16:03:35] [Server thread/WARN]: [BetterStructures] betterstructures_em_throneroom_lush.yml uses EliteMobs bosses but you do not have EliteMobs installed! BetterStructures does not require EliteMobs to work, but if you want cool EliteMobs boss fights you will have to install EliteMobs here: https://www.spigotmc.org/resources/%E2%9A%94elitemobs%E2%9A%94.40090/
[16:03:35] [Server thread/WARN]: [BetterStructures] Since EliteMobs is not installed, betterstructures_em_throneroom_lush.yml will not be used.
[16:03:35] [Server thread/WARN]: [BetterStructures] betterstructures_em_surfacedungeon_tundra.yml uses EliteMobs bosses but you do not have EliteMobs installed! BetterStructures does not require EliteMobs to work, but if you want cool EliteMobs boss fights you will have to install EliteMobs here: https://www.spigotmc.org/resources/%E2%9A%94elitemobs%E2%9A%94.40090/
[16:03:35] [Server thread/WARN]: [BetterStructures] Since EliteMobs is not installed, betterstructures_em_surfacedungeon_tundra.yml will not be used.
[16:03:35] [Server thread/WARN]: [BetterStructures] betterstructures_em_teetharena_grassland.yml uses EliteMobs bosses but you do not have EliteMobs installed! BetterStructures does not require EliteMobs to work, but if you want cool EliteMobs boss fights you will have to install EliteMobs here: https://www.spigotmc.org/resources/%E2%9A%94elitemobs%E2%9A%94.40090/
[16:03:35] [Server thread/WARN]: [BetterStructures] Since EliteMobs is not installed, betterstructures_em_teetharena_grassland.yml will not be used.
[16:03:35] [Server thread/WARN]: [BetterStructures] betterstructures_em_circletemple_end.yml uses EliteMobs bosses but you do not have EliteMobs installed! BetterStructures does not require EliteMobs to work, but if you want cool EliteMobs boss fights you will have to install EliteMobs here: https://www.spigotmc.org/resources/%E2%9A%94elitemobs%E2%9A%94.40090/
[16:03:35] [Server thread/WARN]: [BetterStructures] Since EliteMobs is not installed, betterstructures_em_circletemple_end.yml will not be used.
[16:03:35] [Server thread/WARN]: [BetterStructures] betterstructures_em_floatingcave_grassland.yml uses EliteMobs bosses but you do not have EliteMobs installed! BetterStructures does not require EliteMobs to work, but if you want cool EliteMobs boss fights you will have to install EliteMobs here: https://www.spigotmc.org/resources/%E2%9A%94elitemobs%E2%9A%94.40090/
[16:03:35] [Server thread/WARN]: [BetterStructures] Since EliteMobs is not installed, betterstructures_em_floatingcave_grassland.yml will not be used.
[16:03:35] [Server thread/WARN]: [BetterStructures] betterstructures_em_throneroom_end.yml uses EliteMobs bosses but you do not have EliteMobs installed! BetterStructures does not require EliteMobs to work, but if you want cool EliteMobs boss fights you will have to install EliteMobs here: https://www.spigotmc.org/resources/%E2%9A%94elitemobs%E2%9A%94.40090/
[16:03:35] [Server thread/WARN]: [BetterStructures] Since EliteMobs is not installed, betterstructures_em_throneroom_end.yml will not be used.
[16:03:35] [Server thread/WARN]: [BetterStructures] betterstructures_em_watertubes_desert.yml uses EliteMobs bosses but you do not have EliteMobs installed! BetterStructures does not require EliteMobs to work, but if you want cool EliteMobs boss fights you will have to install EliteMobs here: https://www.spigotmc.org/resources/%E2%9A%94elitemobs%E2%9A%94.40090/
[16:03:35] [Server thread/WARN]: [BetterStructures] Since EliteMobs is not installed, betterstructures_em_watertubes_desert.yml will not be used.
[16:03:35] [Server thread/WARN]: [BetterStructures] betterstructures_em_hiddendungeon_barren.yml uses EliteMobs bosses but you do not have EliteMobs installed! BetterStructures does not require EliteMobs to work, but if you want cool EliteMobs boss fights you will have to install EliteMobs here: https://www.spigotmc.org/resources/%E2%9A%94elitemobs%E2%9A%94.40090/
[16:03:35] [Server thread/WARN]: [BetterStructures] Since EliteMobs is not installed, betterstructures_em_hiddendungeon_barren.yml will not be used.
[16:03:35] [Server thread/WARN]: [BetterStructures] betterstructures_em_watertubes_tundra.yml uses EliteMobs bosses but you do not have EliteMobs installed! BetterStructures does not require EliteMobs to work, but if you want cool EliteMobs boss fights you will have to install EliteMobs here: https://www.spigotmc.org/resources/%E2%9A%94elitemobs%E2%9A%94.40090/
[16:03:35] [Server thread/WARN]: [BetterStructures] Since EliteMobs is not installed, betterstructures_em_watertubes_tundra.yml will not be used.
[16:03:35] [Server thread/WARN]: [BetterStructures] betterstructures_em_hiddendungeon_end.yml uses EliteMobs bosses but you do not have EliteMobs installed! BetterStructures does not require EliteMobs to work, but if you want cool EliteMobs boss fights you will have to install EliteMobs here: https://www.spigotmc.org/resources/%E2%9A%94elitemobs%E2%9A%94.40090/
[16:03:35] [Server thread/WARN]: [BetterStructures] Since EliteMobs is not installed, betterstructures_em_hiddendungeon_end.yml will not be used.
[16:03:35] [Server thread/WARN]: [BetterStructures] betterstructures_em_hiddendungeon_nether.yml uses EliteMobs bosses but you do not have EliteMobs installed! BetterStructures does not require EliteMobs to work, but if you want cool EliteMobs boss fights you will have to install EliteMobs here: https://www.spigotmc.org/resources/%E2%9A%94elitemobs%E2%9A%94.40090/
[16:03:35] [Server thread/WARN]: [BetterStructures] Since EliteMobs is not installed, betterstructures_em_hiddendungeon_nether.yml will not be used.
[16:03:35] [Server thread/WARN]: [BetterStructures] betterstructures_em_teetharena_end.yml uses EliteMobs bosses but you do not have EliteMobs installed! BetterStructures does not require EliteMobs to work, but if you want cool EliteMobs boss fights you will have to install EliteMobs here: https://www.spigotmc.org/resources/%E2%9A%94elitemobs%E2%9A%94.40090/
[16:03:35] [Server thread/WARN]: [BetterStructures] Since EliteMobs is not installed, betterstructures_em_teetharena_end.yml will not be used.
[16:03:35] [Server thread/WARN]: [BetterStructures] betterstructures_em_watertubes_end.yml uses EliteMobs bosses but you do not have EliteMobs installed! BetterStructures does not require EliteMobs to work, but if you want cool EliteMobs boss fights you will have to install EliteMobs here: https://www.spigotmc.org/resources/%E2%9A%94elitemobs%E2%9A%94.40090/
[16:03:35] [Server thread/WARN]: [BetterStructures] Since EliteMobs is not installed, betterstructures_em_watertubes_end.yml will not be used.
[16:03:35] [Server thread/WARN]: [BetterStructures] betterstructures_em_hiddendungeon_desert.yml uses EliteMobs bosses but you do not have EliteMobs installed! BetterStructures does not require EliteMobs to work, but if you want cool EliteMobs boss fights you will have to install EliteMobs here: https://www.spigotmc.org/resources/%E2%9A%94elitemobs%E2%9A%94.40090/
[16:03:35] [Server thread/WARN]: [BetterStructures] Since EliteMobs is not installed, betterstructures_em_hiddendungeon_desert.yml will not be used.
[16:03:35] [Server thread/WARN]: [BetterStructures] betterstructures_em_tower_nether.yml uses EliteMobs bosses but you do not have EliteMobs installed! BetterStructures does not require EliteMobs to work, but if you want cool EliteMobs boss fights you will have to install EliteMobs here: https://www.spigotmc.org/resources/%E2%9A%94elitemobs%E2%9A%94.40090/
[16:03:35] [Server thread/WARN]: [BetterStructures] Since EliteMobs is not installed, betterstructures_em_tower_nether.yml will not be used.
[16:03:35] [Server thread/WARN]: [BetterStructures] betterstructures_em_teetharena_tundra.yml uses EliteMobs bosses but you do not have EliteMobs installed! BetterStructures does not require EliteMobs to work, but if you want cool EliteMobs boss fights you will have to install EliteMobs here: https://www.spigotmc.org/resources/%E2%9A%94elitemobs%E2%9A%94.40090/
[16:03:35] [Server thread/WARN]: [BetterStructures] Since EliteMobs is not installed, betterstructures_em_teetharena_tundra.yml will not be used.
[16:03:36] [Server thread/WARN]: [BetterStructures] betterstructures_em_floatingcave_end.yml uses EliteMobs bosses but you do not have EliteMobs installed! BetterStructures does not require EliteMobs to work, but if you want cool EliteMobs boss fights you will have to install EliteMobs here: https://www.spigotmc.org/resources/%E2%9A%94elitemobs%E2%9A%94.40090/
[16:03:36] [Server thread/WARN]: [BetterStructures] Since EliteMobs is not installed, betterstructures_em_floatingcave_end.yml will not be used.
[16:03:36] [Server thread/WARN]: [BetterStructures] betterstructures_em_circletemple_grassland.yml uses EliteMobs bosses but you do not have EliteMobs installed! BetterStructures does not require EliteMobs to work, but if you want cool EliteMobs boss fights you will have to install EliteMobs here: https://www.spigotmc.org/resources/%E2%9A%94elitemobs%E2%9A%94.40090/
[16:03:36] [Server thread/WARN]: [BetterStructures] Since EliteMobs is not installed, betterstructures_em_circletemple_grassland.yml will not be used.
[16:03:36] [Server thread/WARN]: [BetterStructures] betterstructures_em_tower_desert.yml uses EliteMobs bosses but you do not have EliteMobs installed! BetterStructures does not require EliteMobs to work, but if you want cool EliteMobs boss fights you will have to install EliteMobs here: https://www.spigotmc.org/resources/%E2%9A%94elitemobs%E2%9A%94.40090/
[16:03:36] [Server thread/WARN]: [BetterStructures] Since EliteMobs is not installed, betterstructures_em_tower_desert.yml will not be used.
[16:03:36] [Server thread/WARN]: [BetterStructures] betterstructures_em_floatingcave_tundra.yml uses EliteMobs bosses but you do not have EliteMobs installed! BetterStructures does not require EliteMobs to work, but if you want cool EliteMobs boss fights you will have to install EliteMobs here: https://www.spigotmc.org/resources/%E2%9A%94elitemobs%E2%9A%94.40090/
[16:03:36] [Server thread/WARN]: [BetterStructures] Since EliteMobs is not installed, betterstructures_em_floatingcave_tundra.yml will not be used.
[16:03:36] [Server thread/WARN]: [BetterStructures] betterstructures_em_hiddendungeon_grassland.yml uses EliteMobs bosses but you do not have EliteMobs installed! BetterStructures does not require EliteMobs to work, but if you want cool EliteMobs boss fights you will have to install EliteMobs here: https://www.spigotmc.org/resources/%E2%9A%94elitemobs%E2%9A%94.40090/
[16:03:36] [Server thread/WARN]: [BetterStructures] Since EliteMobs is not installed, betterstructures_em_hiddendungeon_grassland.yml will not be used.
[16:03:36] [Server thread/WARN]: [BetterStructures] betterstructures_em_tower_end.yml uses EliteMobs bosses but you do not have EliteMobs installed! BetterStructures does not require EliteMobs to work, but if you want cool EliteMobs boss fights you will have to install EliteMobs here: https://www.spigotmc.org/resources/%E2%9A%94elitemobs%E2%9A%94.40090/
[16:03:36] [Server thread/WARN]: [BetterStructures] Since EliteMobs is not installed, betterstructures_em_tower_end.yml will not be used.
[16:03:36] [Server thread/WARN]: [BetterStructures] betterstructures_em_surfacedungeon_grassland.yml uses EliteMobs bosses but you do not have EliteMobs installed! BetterStructures does not require EliteMobs to work, but if you want cool EliteMobs boss fights you will have to install EliteMobs here: https://www.spigotmc.org/resources/%E2%9A%94elitemobs%E2%9A%94.40090/
[16:03:36] [Server thread/WARN]: [BetterStructures] Since EliteMobs is not installed, betterstructures_em_surfacedungeon_grassland.yml will not be used.
[16:03:36] [Server thread/WARN]: [BetterStructures] betterstructures_em_throneroom_shallowunderground.yml uses EliteMobs bosses but you do not have EliteMobs installed! BetterStructures does not require EliteMobs to work, but if you want cool EliteMobs boss fights you will have to install EliteMobs here: https://www.spigotmc.org/resources/%E2%9A%94elitemobs%E2%9A%94.40090/
[16:03:36] [Server thread/WARN]: [BetterStructures] Since EliteMobs is not installed, betterstructures_em_throneroom_shallowunderground.yml will not be used.
[16:03:36] [Server thread/WARN]: [BetterStructures] betterstructures_em_circletemple_tundra.yml uses EliteMobs bosses but you do not have EliteMobs installed! BetterStructures does not require EliteMobs to work, but if you want cool EliteMobs boss fights you will have to install EliteMobs here: https://www.spigotmc.org/resources/%E2%9A%94elitemobs%E2%9A%94.40090/
[16:03:36] [Server thread/WARN]: [BetterStructures] Since EliteMobs is not installed, betterstructures_em_circletemple_tundra.yml will not be used.
[16:03:36] [Server thread/WARN]: [BetterStructures] betterstructures_em_circletemple_barren.yml uses EliteMobs bosses but you do not have EliteMobs installed! BetterStructures does not require EliteMobs to work, but if you want cool EliteMobs boss fights you will have to install EliteMobs here: https://www.spigotmc.org/resources/%E2%9A%94elitemobs%E2%9A%94.40090/
[16:03:36] [Server thread/WARN]: [BetterStructures] Since EliteMobs is not installed, betterstructures_em_circletemple_barren.yml will not be used.
[16:03:36] [Server thread/WARN]: [BetterStructures] betterstructures_em_floatingcave_desert.yml uses EliteMobs bosses but you do not have EliteMobs installed! BetterStructures does not require EliteMobs to work, but if you want cool EliteMobs boss fights you will have to install EliteMobs here: https://www.spigotmc.org/resources/%E2%9A%94elitemobs%E2%9A%94.40090/
[16:03:36] [Server thread/WARN]: [BetterStructures] Since EliteMobs is not installed, betterstructures_em_floatingcave_desert.yml will not be used.
[16:03:36] [Server thread/WARN]: [BetterStructures] betterstructures_em_watertubes_nether.yml uses EliteMobs bosses but you do not have EliteMobs installed! BetterStructures does not require EliteMobs to work, but if you want cool EliteMobs boss fights you will have to install EliteMobs here: https://www.spigotmc.org/resources/%E2%9A%94elitemobs%E2%9A%94.40090/
[16:03:36] [Server thread/WARN]: [BetterStructures] Since EliteMobs is not installed, betterstructures_em_watertubes_nether.yml will not be used.
[16:03:36] [Server thread/WARN]: [BetterStructures] betterstructures_em_watertubes_grassland.yml uses EliteMobs bosses but you do not have EliteMobs installed! BetterStructures does not require EliteMobs to work, but if you want cool EliteMobs boss fights you will have to install EliteMobs here: https://www.spigotmc.org/resources/%E2%9A%94elitemobs%E2%9A%94.40090/
[16:03:36] [Server thread/WARN]: [BetterStructures] Since EliteMobs is not installed, betterstructures_em_watertubes_grassland.yml will not be used.
[16:03:36] [Server thread/WARN]: [BetterStructures] betterstructures_em_tower_barren.yml uses EliteMobs bosses but you do not have EliteMobs installed! BetterStructures does not require EliteMobs to work, but if you want cool EliteMobs boss fights you will have to install EliteMobs here: https://www.spigotmc.org/resources/%E2%9A%94elitemobs%E2%9A%94.40090/
[16:03:36] [Server thread/WARN]: [BetterStructures] Since EliteMobs is not installed, betterstructures_em_tower_barren.yml will not be used.
[16:03:36] [Server thread/WARN]: [BetterStructures] betterstructures_em_teetharena_barren.yml uses EliteMobs bosses but you do not have EliteMobs installed! BetterStructures does not require EliteMobs to work, but if you want cool EliteMobs boss fights you will have to install EliteMobs here: https://www.spigotmc.org/resources/%E2%9A%94elitemobs%E2%9A%94.40090/
[16:03:36] [Server thread/WARN]: [BetterStructures] Since EliteMobs is not installed, betterstructures_em_teetharena_barren.yml will not be used.
[16:03:36] [Server thread/WARN]: [BetterStructures] betterstructures_em_tower_tundra.yml uses EliteMobs bosses but you do not have EliteMobs installed! BetterStructures does not require EliteMobs to work, but if you want cool EliteMobs boss fights you will have to install EliteMobs here: https://www.spigotmc.org/resources/%E2%9A%94elitemobs%E2%9A%94.40090/
[16:03:36] [Server thread/WARN]: [BetterStructures] Since EliteMobs is not installed, betterstructures_em_tower_tundra.yml will not be used.
[16:03:36] [Server thread/WARN]: [BetterStructures] betterstructures_em_surfacedungeon_nether.yml uses EliteMobs bosses but you do not have EliteMobs installed! BetterStructures does not require EliteMobs to work, but if you want cool EliteMobs boss fights you will have to install EliteMobs here: https://www.spigotmc.org/resources/%E2%9A%94elitemobs%E2%9A%94.40090/
[16:03:36] [Server thread/WARN]: [BetterStructures] Since EliteMobs is not installed, betterstructures_em_surfacedungeon_nether.yml will not be used.
[16:03:36] [Server thread/WARN]: [BetterStructures] betterstructures_em_circletemple_nether.yml uses EliteMobs bosses but you do not have EliteMobs installed! BetterStructures does not require EliteMobs to work, but if you want cool EliteMobs boss fights you will have to install EliteMobs here: https://www.spigotmc.org/resources/%E2%9A%94elitemobs%E2%9A%94.40090/
[16:03:36] [Server thread/WARN]: [BetterStructures] Since EliteMobs is not installed, betterstructures_em_circletemple_nether.yml will not be used.
[16:03:36] [Server thread/WARN]: [BetterStructures] betterstructures_em_floatingcave_nether.yml uses EliteMobs bosses but you do not have EliteMobs installed! BetterStructures does not require EliteMobs to work, but if you want cool EliteMobs boss fights you will have to install EliteMobs here: https://www.spigotmc.org/resources/%E2%9A%94elitemobs%E2%9A%94.40090/
[16:03:36] [Server thread/WARN]: [BetterStructures] Since EliteMobs is not installed, betterstructures_em_floatingcave_nether.yml will not be used.
[16:03:36] [Server thread/WARN]: [BetterStructures] betterstructures_em_teetharena_desert.yml uses EliteMobs bosses but you do not have EliteMobs installed! BetterStructures does not require EliteMobs to work, but if you want cool EliteMobs boss fights you will have to install EliteMobs here: https://www.spigotmc.org/resources/%E2%9A%94elitemobs%E2%9A%94.40090/
[16:03:36] [Server thread/WARN]: [BetterStructures] Since EliteMobs is not installed, betterstructures_em_teetharena_desert.yml will not be used.
[16:03:36] [Server thread/WARN]: [BetterStructures] betterstructures_em_surfacedungeon_end.yml uses EliteMobs bosses but you do not have EliteMobs installed! BetterStructures does not require EliteMobs to work, but if you want cool EliteMobs boss fights you will have to install EliteMobs here: https://www.spigotmc.org/resources/%E2%9A%94elitemobs%E2%9A%94.40090/
[16:03:36] [Server thread/WARN]: [BetterStructures] Since EliteMobs is not installed, betterstructures_em_surfacedungeon_end.yml will not be used.
[16:03:37] [Server thread/WARN]: [BetterStructures] betterstructures_em_surfacedungeon_desert.yml uses EliteMobs bosses but you do not have EliteMobs installed! BetterStructures does not require EliteMobs to work, but if you want cool EliteMobs boss fights you will have to install EliteMobs here: https://www.spigotmc.org/resources/%E2%9A%94elitemobs%E2%9A%94.40090/
[16:03:37] [Server thread/WARN]: [BetterStructures] Since EliteMobs is not installed, betterstructures_em_surfacedungeon_desert.yml will not be used.
[16:03:37] [Server thread/WARN]: [BetterStructures] betterstructures_em_teetharena_nether.yml uses EliteMobs bosses but you do not have EliteMobs installed! BetterStructures does not require EliteMobs to work, but if you want cool EliteMobs boss fights you will have to install EliteMobs here: https://www.spigotmc.org/resources/%E2%9A%94elitemobs%E2%9A%94.40090/
[16:03:37] [Server thread/WARN]: [BetterStructures] Since EliteMobs is not installed, betterstructures_em_teetharena_nether.yml will not be used.
[16:03:37] [Server thread/WARN]: [BetterStructures] betterstructures_em_circletemple_desert.yml uses EliteMobs bosses but you do not have EliteMobs installed! BetterStructures does not require EliteMobs to work, but if you want cool EliteMobs boss fights you will have to install EliteMobs here: https://www.spigotmc.org/resources/%E2%9A%94elitemobs%E2%9A%94.40090/
[16:03:37] [Server thread/WARN]: [BetterStructures] Since EliteMobs is not installed, betterstructures_em_circletemple_desert.yml will not be used.
[16:03:37] [Server thread/WARN]: [BetterStructures] betterstructures_em_watertubes_barren.yml uses EliteMobs bosses but you do not have EliteMobs installed! BetterStructures does not require EliteMobs to work, but if you want cool EliteMobs boss fights you will have to install EliteMobs here: https://www.spigotmc.org/resources/%E2%9A%94elitemobs%E2%9A%94.40090/
[16:03:37] [Server thread/WARN]: [BetterStructures] Since EliteMobs is not installed, betterstructures_em_watertubes_barren.yml will not be used.
[16:03:37] [Server thread/WARN]: [BetterStructures] betterstructures_em_tower_grassland.yml uses EliteMobs bosses but you do not have EliteMobs installed! BetterStructures does not require EliteMobs to work, but if you want cool EliteMobs boss fights you will have to install EliteMobs here: https://www.spigotmc.org/resources/%E2%9A%94elitemobs%E2%9A%94.40090/
[16:03:37] [Server thread/WARN]: [BetterStructures] Since EliteMobs is not installed, betterstructures_em_tower_grassland.yml will not be used.
[16:03:37] [Server thread/WARN]: [BetterStructures] betterstructures_em_flagship_grassland.yml uses EliteMobs bosses but you do not have EliteMobs installed! BetterStructures does not require EliteMobs to work, but if you want cool EliteMobs boss fights you will have to install EliteMobs here: https://www.spigotmc.org/resources/%E2%9A%94elitemobs%E2%9A%94.40090/
[16:03:37] [Server thread/WARN]: [BetterStructures] Since EliteMobs is not installed, betterstructures_em_flagship_grassland.yml will not be used.
[16:03:37] [Server thread/WARN]: [BetterStructures] Loaded class net.kyori.adventure.text.Component from eShulkerBox v0.4.0 which is not a depend or softdepend of this plugin.
[16:03:37] [Server thread/INFO]: [Skript] Enabling Skript v2.8.6
[16:03:37] [Server thread/INFO]: [Skript] loading '+global-variations.sk'[m
[16:03:37] [Server thread/INFO]: [Skript] loading 'brewing.sk'[m
[16:03:37] [Server thread/INFO]: [Skript] loading 'building.sk'[m
[16:03:38] [ForkJoinPool.commonPool-worker-1/INFO]: [0;37;22m[[0;33;22mSkript[0;37;22m] [mYou're currently running the latest stable version of Skript.[m
[16:03:39] [Server thread/INFO]: [Skript] loading 'combat.sk'[m
[16:03:41] [Server thread/INFO]: [Skript] loading 'decoration.sk'[m
[16:03:42] [Server thread/INFO]: [Skript] loading 'foodstuffs.sk'[m
[16:03:42] [Server thread/INFO]: [Skript] loading 'misc-eggs.sk'[m
[16:03:42] [Server thread/INFO]: [Skript] loading 'misc.sk'[m
[16:03:42] [Server thread/INFO]: [Skript] loading 'other.sk'[m
[16:03:42] [Server thread/INFO]: [Skript] loading 'redstone.sk'[m
[16:03:44] [Server thread/INFO]: [Skript] loading 'tools.sk'[m
[16:03:44] [Server thread/INFO]: [Skript] loading 'transportation.sk'[m
[16:03:44] [Server thread/INFO]: [Skript] loading 'z-block-placement.sk'[m
[16:03:44] [Server thread/INFO]: [Skript] loading 'z-categories.sk'[m
[16:03:44] [Server thread/INFO]: [Skript] loading 'z-click-events.sk'[m
[16:03:44] [Server thread/INFO]: [Skript] Loaded 232918 aliases in 7136ms[m
[16:03:45] [Server thread/WARN]: [Skript] Loaded class net.kyori.adventure.text.Component from eShulkerBox v0.4.0 which is not a depend or softdepend of this plugin.
[16:03:45] [Server thread/INFO]: [Skript]  ~ created by & © Peter Güttinger aka Njol ~[m
[16:03:45] [Server thread/INFO]: [SkQuery] Enabling SkQuery v4.1.10
[16:03:45] [Server thread/INFO]: [Skript] loading 'default.lang'[m
[16:03:45] [Server thread/INFO]: [skQuery] Locating classes from SkQuery...
[16:03:45] [Server thread/INFO]: [skQuery] Beginning to process a total of 117 from SkQuery
[16:03:45] [Server thread/INFO]: [skQuery] Out of 117 classes, 117 classes were loaded from SkQuery
[16:03:45] [Server thread/INFO]: [Lootin] Enabling Lootin v9.1
[16:03:45] [Server thread/INFO]: [Lootin] [PriLib] Running 1.20.1 minecraft version
[16:03:45] [Server thread/INFO]: [Lootin] Config file reloaded
[16:03:45] [Server thread/INFO]: [Lootin] Found BetterStructures, registering listeners...
[16:03:45] [Server thread/INFO]: [Lootin] Enabling bstats...
[16:03:45] [Server thread/INFO]: [Graves] Enabling Graves v4.9
[16:03:45] [Server thread/INFO]: [Graves] Integration: Hooked into Vault 1.7.3-b131.
[16:03:45] [Server thread/INFO]: [Graves] Integration: Hooked into WorldEdit 7.3.1+6763-2e55f4f.
[16:03:45] [Server thread/INFO]: [Graves] Integration: Hooked into WorldGuard 7.0.9+5934e49.
[16:03:45] [Server thread/WARN]: [Graves] Loaded class com.palmergames.bukkit.towny.object.TownBlockData from Towny v0.100.2.0 which is not a depend or softdepend of this plugin.
[16:03:45] [Server thread/INFO]: [Towny] API: A new townblock type was registered: Graveyard
[16:03:45] [Server thread/INFO]: [Graves] Integration: Hooked into Towny 0.100.2.0.
[16:03:45] [Server thread/INFO]: [PlaceholderAPI] Successfully registered internal expansion: graves [4.9]
[16:03:45] [Server thread/INFO]: [Graves] Integration: Hooked into PlaceholderAPI 2.11.5.
[16:03:45] [Server thread/INFO]: [Graves] Compatibility: Essentials Detected, make sure you don't have the essentials.keepinv or essentials.keepxp permissions.
[16:03:45] [Server thread/INFO]: [skript-yaml] Enabling skript-yaml v1.5
[16:03:45] [Server thread/INFO]: [Towny] Enabling Towny v0.100.2.0
[16:03:45] [Server thread/INFO]: ====================      Towny      ========================
[16:03:46] [Server thread/INFO]: [Towny] Successfully loaded translations for 42 languages.
[16:03:46] [Server thread/INFO]: [Towny] Config: Loaded 10 townblock types: shop, inn, arena, jail, graveyard, default, bank, wilds, farm, embassy.
[16:03:46] [Server thread/INFO]: [Towny] Database: [Load] flatfile [Save] flatfile
[16:03:46] [Server thread/INFO]: [Towny] Database: Loaded in 54ms.
[16:03:46] [ForkJoinPool.commonPool-worker-1/INFO]: [Towny] Cleaning up old backups...
[16:03:46] [ForkJoinPool.commonPool-worker-1/INFO]: [Towny] Successfully cleaned backups.
[16:03:46] [ForkJoinPool.commonPool-worker-1/INFO]: [Towny] Making backup...
[16:03:46] [Server thread/WARN]: [Towny] Loaded class net.kyori.adventure.text.Component from eShulkerBox v0.4.0 which is not a depend or softdepend of this plugin.
[16:03:46] [Server thread/INFO]: [Towny] Searching for third-party plugins...
[16:03:46] [Server thread/INFO]: [Towny] Plugins found: 
[16:03:46] [Server thread/INFO]: [Towny]   Permissions: TownyPerms, LuckPerms v5.4.102 via Vault
[16:03:46] [Server thread/INFO]: [Towny]   Chat: LuckPerms v5.4.102 via Vault
[16:03:46] [Server thread/INFO]: [Towny]   Economy: EssentialsX Economy via Vault
[16:03:46] [Server thread/INFO]: [PlaceholderAPI] Successfully registered internal expansion: townyadvanced [0.100.2.0]
[16:03:46] [Server thread/INFO]: [Towny]   Add-ons: Dynmap-Towny v1.1.2, PlaceholderAPI v2.11.5
[16:03:46] [Server thread/INFO]: [Towny]   Warning: EssentialsX Economy has been known to reset
                           town and nation bank accounts on rare occasions.
[16:03:46] [Server thread/INFO]: =============================================================
[16:03:46] [Server thread/INFO]: [Towny] Version: 0.100.2.0 - Plugin Enabled
[16:03:46] [Server thread/INFO]: =============================================================
[16:03:46] [Server thread/INFO]: [Shopkeepers] Enabling Shopkeepers v2.19.0
[16:03:46] [Server thread/INFO]: [Shopkeepers] Loading the data of 1 shopkeepers ...
[16:03:46] [Server thread/INFO]: [MobsToEggs] Enabling MobsToEggs v1.7.9
[16:03:46] [Server thread/INFO]: [MobsToEggs] Loading files for MobsToEggs...
[16:03:46] [Server thread/INFO]: [MobsToEggs] Loading language: en
[16:03:46] [Server thread/INFO]: [MobsToEggs] Using Dependencies:
[16:03:46] [Server thread/INFO]: [MobsToEggs] ✔️ [Vault, WorldGuard, Towny]
[16:03:46] [Server thread/INFO]: [MobsToEggs] ❌ [MythicMobs, NBTAPI]
[16:03:46] [Server thread/INFO]: [Dynmap-Towny] Enabling Dynmap-Towny v1.1.2
[16:03:46] [Server thread/INFO]: [Dynmap-Towny] Initializing DynmapTowny.
[16:03:46] [Server thread/INFO]: [Dynmap-Towny] Towny version 0.100.2.0 found.
[16:03:46] [Server thread/INFO]: [Dynmap-Towny] Config.yml loaded successfully.
[16:03:46] [Server thread/INFO]: [Dynmap-Towny] version 1.1.2 is activated
[16:03:46] [Server thread/INFO]: [skript-towny] Enabling skript-towny v1.0.2
[16:03:46] [ForkJoinPool.commonPool-worker-1/INFO]: [Towny] Towny flatfiles and settings successfully backed up.
[16:03:47] [Server thread/INFO]: Server permissions file permissions.yml is empty, ignoring it
[16:03:47] [Server thread/INFO]: [PlaceholderAPI] Placeholder expansion registration initializing...
[16:03:47] [Server thread/INFO]: [Geyser-Spigot] ******************************************
[16:03:47] [Server thread/INFO]: [Geyser-Spigot] 
[16:03:47] [Server thread/INFO]: [Geyser-Spigot] Cargando Geyser versión 2.3.1-SNAPSHOT (git-master-8b77031)
[16:03:47] [Server thread/INFO]: [Geyser-Spigot] 
[16:03:47] [Server thread/INFO]: [Geyser-Spigot] ******************************************
[16:03:50] [Server thread/WARN]: [Geyser-Spigot] Third-party ears/capes have been removed from Geyser, if you still wish to have this functionality please use the extension: https://github.com/GeyserMC/ThirdPartyCosmetics
[16:03:50] [nioEventLoopGroup-3-1/INFO]: [Geyser-Spigot] Geyser se ha activado en la Ip y puerto 0.0.0.0:19132
[16:03:50] [Server thread/INFO]: [Geyser-Spigot] Listo (3,846 segundos)! Escribe /geyser help para obtener ayuda!
[16:03:51] [Server thread/INFO]: Done (35.847s)! For help, type "help"
[16:03:51] [Server thread/INFO]: Starting GS4 status listener
[16:03:51] [Server thread/INFO]: Thread Query Listener started
[16:03:51] [Query Listener #1/INFO]: Query running on 0.0.0.0:25565
[16:03:51] [Craft Scheduler Thread - 4/INFO]: [ViaVersion] Finished mapping loading, shutting down loader executor!
[16:03:51] [Server thread/INFO]: Essentials found a compatible payment resolution method: Vault Compatibility Layer (v1.7.3-b131)!
[16:03:51] [Server thread/INFO]: [CoreProtect] WorldEdit logging successfully initialized.
[16:03:51] [Craft Scheduler Thread - 8/INFO]: [0;37;22m[ImageFrame] Loading ImageMap ID 2[m
[16:03:51] [Craft Scheduler Thread - 5/INFO]: §6Obteniendo información de versión...
[16:03:51] [Server thread/INFO]: [Skript] Successfully hooked into WorldGuard[m
[16:03:51] [Server thread/INFO]: [Skript] Successfully hooked into Vault[m
[16:03:51] [Server thread/INFO]: [Skript] Loading variables...[m
[16:03:51] [Server thread/INFO]: [Skript] Loading database 'database 1'...[m
[16:03:51] [Server thread/INFO]: [Skript] Loaded 0 variables from the database 'database 1' in 0.0 seconds[m
[16:03:51] [Server thread/INFO]: [Skript] Loading database 'default'...[m
[16:03:51] [Server thread/INFO]: [Skript] Loaded 0 variables from the database 'default' in 0.0 seconds[m
[16:03:51] [Server thread/INFO]: [Skript] Loaded 0 variables in 0.0 seconds[m
[16:03:51] [Server thread/INFO]: [Skript] loading 'banco.sk'[m
[16:03:51] [Server thread/INFO]: [Skript] loading 'comandos-jugador.sk'[m
[16:03:51] [Server thread/INFO]: [Skript] loading 'items-op.sk'[m
[16:03:51] [Server thread/INFO]: [Skript] loading 'signedit.sk'[m
[16:03:51] [Server thread/INFO]: [Skript] loading trigger 'options'[m
[16:03:51] [Server thread/INFO]: [Skript] loading trigger 'on rightclick on sign'[m
[16:03:51] [Server thread/INFO]: [Skript] loading trigger 'on rightclick on villager'[m
[16:03:51] [Server thread/INFO]: [Skript] loading trigger 'command /crearbanco'[m
[16:03:51] [Server thread/INFO]: [Skript] loading trigger 'on rightclick on sign'[m
[16:03:51] [Server thread/INFO]: [Skript] loading trigger 'command /logeconomia'[m
[16:03:51] [Server thread/INFO]: [Skript] loading trigger 'function logEco()'[m
[16:03:51] [Server thread/INFO]: [Skript] loading trigger 'function depositar(p: player, num: number)'[m
[16:03:51] [Server thread/INFO]: [Skript] loading trigger 'function retirar(p: player, num: number)'[m
[16:03:51] [Server thread/INFO]: [Skript] loading trigger 'on place of sunflower'[m
[16:03:51] [Server thread/INFO]: [Skript] loading trigger 'command /emitirceitil <text> <number>'[m
[16:03:51] [Server thread/INFO]: [Skript] loading trigger 'function banco(p: player)'[m
[16:03:51] [Server thread/INFO]: [Skript] loading trigger 'on inventory click'[m
[16:03:51] [Server thread/INFO]: [Skript] loading trigger 'command /divisa'[m
[16:03:51] [Server thread/INFO]: [Skript] loading trigger 'on inventory click'[m
[16:03:51] [Server thread/INFO]: [Skript] loaded 15 structures from 'banco.sk'[m
[16:03:51] [Server thread/INFO]: [Skript] loading trigger 'variables'[m
[16:03:51] [Server thread/INFO]: [Skript] loading trigger 'command /ayuda'[m
[16:03:51] [Server thread/INFO]: [Skript] loading trigger 'command /stream [<text>]'[m
[16:03:51] [Server thread/INFO]: [Skript] loaded 3 structures from 'comandos-jugador.sk'[m
[16:03:51] [Server thread/INFO]: [Skript] loading trigger 'on rightclick with echo shard'[m
[16:03:51] [Server thread/INFO]: [Skript] loaded 1 structure from 'items-op.sk'[m
[16:03:51] [Server thread/INFO]: [Skript] loading trigger 'command /signedit <Number> [<Text=" ">]'[m
[16:03:51] [Server thread/INFO]: [Skript] loaded 1 structure from 'signedit.sk'[m
[16:03:51] [Craft Scheduler Thread - 4/INFO]: [BetterStructures] Latest public release is 1.6.10
[16:03:51] [Craft Scheduler Thread - 4/INFO]: [BetterStructures] Your version is 1.6.10
[16:03:51] [Server thread/INFO]: [Skript] Registered command /crearbanco[m
[16:03:51] [Server thread/INFO]: [Skript] Registered command /logeconomia[m
[16:03:51] [Craft Scheduler Thread - 2/INFO]: [0;32;22mNew version of CMILib was detected. Please update it[m
[16:03:51] [Craft Scheduler Thread - 4/INFO]: [BetterStructures] You are running the latest version!
[16:03:51] [Server thread/INFO]: [Skript] Registered command /emitirceitil <text> <number>[m
[16:03:51] [Server thread/INFO]: [Skript] Registered command /divisa[m
[16:03:51] [Server thread/INFO]: [Skript] Registered command /ayuda[m
[16:03:51] [Server thread/INFO]: [Skript] [0;33;22m[21mLine 22:[0;37;22m (comandos-jugador.sk)[m[m
[16:03:51] [Server thread/INFO]: [0;33;1m    In the future, players in variable names will use the player's UUID instead of their name. For information on how to make sure your scripts won't be impacted by this change, see https://github.com/SkriptLang/Skript/discussions/6270.[m[m
[16:03:51] [Server thread/INFO]: [0;33;22m    Line: [0;37;22mif {streamer.url::%player%} is " ":[m[m
[16:03:51] [Server thread/INFO]:  [m[m
[16:03:51] [Server thread/INFO]: [Skript] [0;33;22m[21mLine 31:[0;37;22m (comandos-jugador.sk)[m[m
[16:03:51] [Server thread/INFO]: [0;33;1m    In the future, players in variable names will use the player's UUID instead of their name. For information on how to make sure your scripts won't be impacted by this change, see https://github.com/SkriptLang/Skript/discussions/6270.[m[m
[16:03:51] [Server thread/INFO]: [0;33;22m    Line: [0;37;22mmessage formatted "   &fVamos a dejarle un saludo en: &r&b<tooltip:&fClic para abrir><link:https://twitch.tv/%{streamer.url::%player%}%>&bhttps://twitch.tv/%{streamer.url::%player%}%<reset>" to all players[m[m
[16:03:51] [Server thread/INFO]:  [m[m
[16:03:51] [Server thread/INFO]: [Skript] [0;33;22m[21mLine 31:[0;37;22m (comandos-jugador.sk)[m[m
[16:03:51] [Server thread/INFO]: [0;33;1m    In the future, players in variable names will use the player's UUID instead of their name. For information on how to make sure your scripts won't be impacted by this change, see https://github.com/SkriptLang/Skript/discussions/6270.[m[m
[16:03:51] [Server thread/INFO]: [0;33;22m    Line: [0;37;22mmessage formatted "   &fVamos a dejarle un saludo en: &r&b<tooltip:&fClic para abrir><link:https://twitch.tv/%{streamer.url::%player%}%>&bhttps://twitch.tv/%{streamer.url::%player%}%<reset>" to all players[m[m
[16:03:51] [Server thread/INFO]:  [m[m
[16:03:51] [Server thread/INFO]: [Skript] [0;33;22m[21mLine 37:[0;37;22m (comandos-jugador.sk)[m[m
[16:03:51] [Server thread/INFO]: [0;33;1m    In the future, players in variable names will use the player's UUID instead of their name. For information on how to make sure your scripts won't be impacted by this change, see https://github.com/SkriptLang/Skript/discussions/6270.[m[m
[16:03:51] [Server thread/INFO]: [0;33;22m    Line: [0;37;22mset {streamer.url::%player%} to arg-1[m[m
[16:03:51] [Server thread/INFO]:  [m[m
[16:03:51] [Server thread/INFO]: [Skript] Registered command /stream [<text>][m
[16:03:51] [Server thread/INFO]: [Skript] Registered command /signedit <number> [<text>][m
[16:03:51] [Server thread/INFO]: [Skript] All scripts loaded without errors.[m
[16:03:51] [Server thread/INFO]: [Skript] Loaded 4 scripts with a total of 20 structures in 0.5 seconds[m
[16:03:51] [Server thread/INFO]: [Skript] Finished loading.[m
[16:03:51] [Craft Scheduler Thread - 6/INFO]: [Towny] Buscando actualizaciones...
[16:03:51] [Craft Scheduler Thread - 2/INFO]: [Towny] Time until a New Day: 19 horas, 56 minutos, 9 segundos
[16:03:51] [Server thread/INFO]: [PlaceholderAPI] Successfully registered external expansion: player [2.0.8]
[16:03:51] [Server thread/INFO]: [0;32;1m1 placeholder hook(s) registered![m
[16:03:51] [Craft Scheduler Thread - 4/INFO]: [Vault] Checking for Updates ... 
[16:03:51] [Server thread/INFO]: [PlaceholderAPI] An update for PlaceholderAPI (v2.11.6) is available at:
[16:03:51] [Server thread/INFO]: [PlaceholderAPI] https://www.spigotmc.org/resources/placeholderapi.6245/
[16:03:51] [Craft Scheduler Thread - 8/INFO]: [0;37;22m[ImageFrame] Loading ImageMap ID 3[m
[16:03:51] [Craft Scheduler Thread - 4/INFO]: [Vault] No new version available
[16:03:51] [Craft Scheduler Thread - 8/INFO]: [0;32;1m[ImageFrame] Data loading completed! Loaded 2 ImageMaps![m
[16:03:52] [Craft Scheduler Thread - 5/WARN]: §4¡Estás a §c12 §4compilación(es) de desactualización de EssentialsX!
[16:03:52] [Craft Scheduler Thread - 5/WARN]: §4Descárgala aquí:§c https://essentialsx.net/downloads.html
[16:03:52] [Craft Scheduler Thread - 6/INFO]: [Towny] Nueva actualizacion disponible: 0.100.3.0 | Version Actual: 0.100.2.0
[16:03:52] [Craft Scheduler Thread - 6/INFO]: [Towny] Descargala aqui: https://github.com/TownyAdvanced/Towny/releases/tag/0.100.3.0
[16:03:52] [Craft Scheduler Thread - 3/INFO]: [Dynmap-Towny] Dynmap does not have player-info-protected enabled - visibility-by-nation will have no effect
[16:03:52] [Craft Scheduler Thread - 3/INFO]: [Dynmap-Towny] Dynmap does not have player-info-protected enabled - visibility-by-nation will have no effect
[16:03:56] [User Authenticator #1/INFO]: UUID of player lorspi is 6b935d9e-c2fe-3085-a6fa-227d8624c201
[16:03:56] [Server thread/INFO]: lorspi joined the game
[16:03:56] [Server thread/INFO]: lorspi[/127.0.0.1:55141] logged in with entity id 328 at ([world]-6.404157103301438, 72.0, 44.905495806710064)
[16:04:07] [Server thread/INFO]: CONSOLE issued server command: /ec lorspi lorspi
[16:04:07] [Server thread/INFO]: [0;31;1mError:[0;31;22m Solo jugadores dentro del juego pueden usar [0;31;1mec[0;31;22m.[m
[16:04:16] [Server thread/INFO]: lorspi issued server command: /ec lorspi lorspi
[16:04:19] [Server thread/INFO]: [Skript] [m
[16:04:19] [Server thread/INFO]: [Skript] == org.bukkit.event.player.PlayerInteractEvent ==[m
[16:04:19] [Server thread/INFO]: [Skript] # rightclick with echo shard[m
[16:04:19] [Server thread/INFO]: [Skript] # rightclick with echo shard took 14.1676 milliseconds[m
[16:04:19] [Server thread/INFO]: [Skript] == took 15.3637 milliseconds ==[m
[16:04:19] [luckperms-command-executor/INFO]: [0;37;22m[[0;36;1m[21mL[0;36;22m[21mP[0;37;22m][m [0;32;1mSet [0;36;1messentials.enderchest[0;32;1m to [0;36;1mtrue[0;32;1m for [0;36;1mlorspi[0;32;1m in context [0;33;1mglobal[0;32;1m.[m
[16:04:19] [luckperms-command-executor/INFO]: [0;37;22m[[0;36;1m[21mL[0;36;22m[21mP[0;37;22m][m [0;32;1mUnset [0;36;1messentials.enderchest[0;32;1m for [0;36;1mlorspi[0;32;1m in context [0;33;1mglobal[0;32;1m.[m
[16:04:25] [Server thread/INFO]: lorspi issued server command: /ie edit
[16:04:29] [Server thread/INFO]: [Skript] [m
[16:04:29] [Server thread/INFO]: [Skript] == org.bukkit.event.inventory.InventoryClickEvent ==[m
[16:04:29] [Server thread/INFO]: [Skript]  -x- was cancelled[m
[16:04:30] [Server thread/INFO]: [Skript] [m
[16:04:30] [Server thread/INFO]: [Skript] == org.bukkit.event.inventory.InventoryClickEvent ==[m
[16:04:30] [Server thread/INFO]: [Skript]  -x- was cancelled[m
[16:04:34] [Server thread/INFO]: [Skript] [m
[16:04:34] [Server thread/INFO]: [Skript] == org.bukkit.event.inventory.InventoryClickEvent ==[m
[16:04:34] [Server thread/INFO]: [Skript]  -x- was cancelled[m
[16:04:35] [Server thread/INFO]: [Skript] [m
[16:04:35] [Server thread/INFO]: [Skript] == org.bukkit.event.inventory.InventoryClickEvent ==[m
[16:04:35] [Server thread/INFO]: [Skript]  -x- was cancelled[m
[16:04:38] [Server thread/INFO]: [Skript] [m
[16:04:38] [Server thread/INFO]: [Skript] == org.bukkit.event.inventory.InventoryClickEvent ==[m
[16:04:38] [Server thread/INFO]: [Skript]  -x- was cancelled[m
[16:04:40] [Server thread/INFO]: [Skript] [m
[16:04:40] [Server thread/INFO]: [Skript] == org.bukkit.event.inventory.InventoryClickEvent ==[m
[16:04:40] [Server thread/INFO]: [Skript]  -x- was cancelled[m
[16:04:44] [Server thread/INFO]: [Skript] [m
[16:04:44] [Server thread/INFO]: [Skript] == org.bukkit.event.inventory.InventoryClickEvent ==[m
[16:04:44] [Server thread/INFO]: [Skript]  -x- was cancelled[m
[16:04:50] [Server thread/INFO]: [Skript] [m
[16:04:50] [Server thread/INFO]: [Skript] == org.bukkit.event.inventory.InventoryClickEvent ==[m
[16:04:50] [Server thread/INFO]: [Skript]  -x- was cancelled[m
[16:04:54] [Server thread/INFO]: [Skript] [m
[16:04:54] [Server thread/INFO]: [Skript] == org.bukkit.event.inventory.InventoryClickEvent ==[m
[16:04:54] [Server thread/INFO]: [Skript]  -x- was cancelled[m
[16:04:56] [Server thread/INFO]: [Skript] [m
[16:04:56] [Server thread/INFO]: [Skript] == org.bukkit.event.inventory.InventoryClickEvent ==[m
[16:04:56] [Server thread/INFO]: [Skript]  -x- was cancelled[m
[16:04:57] [Server thread/INFO]: [Skript] [m
[16:04:57] [Server thread/INFO]: [Skript] == org.bukkit.event.inventory.InventoryClickEvent ==[m
[16:04:57] [Server thread/INFO]: [Skript]  -x- was cancelled[m
[16:05:00] [Server thread/INFO]: [Skript] [m
[16:05:00] [Server thread/INFO]: [Skript] == org.bukkit.event.inventory.InventoryClickEvent ==[m
[16:05:00] [Server thread/INFO]: [Skript]  -x- was cancelled[m
[16:05:01] [Server thread/INFO]: [Skript] [m
[16:05:01] [Server thread/INFO]: [Skript] == org.bukkit.event.inventory.InventoryClickEvent ==[m
[16:05:01] [Server thread/INFO]: [Skript]  -x- was cancelled[m
[16:05:04] [Server thread/INFO]: [Skript] [m
[16:05:04] [Server thread/INFO]: [Skript] == org.bukkit.event.player.PlayerInteractEvent ==[m
[16:05:04] [Server thread/INFO]: [Skript] # rightclick with echo shard[m
[16:05:04] [Server thread/INFO]: [Skript] # rightclick with echo shard took 1.4647 milliseconds[m
[16:05:04] [Server thread/INFO]: [Skript] == took 2.2929 milliseconds ==[m
[16:05:04] [luckperms-command-executor/INFO]: [0;37;22m[[0;36;1m[21mL[0;36;22m[21mP[0;37;22m][m [0;32;1mSet [0;36;1messentials.enderchest[0;32;1m to [0;36;1mtrue[0;32;1m for [0;36;1mlorspi[0;32;1m in context [0;33;1mglobal[0;32;1m.[m
[16:05:05] [luckperms-command-executor/INFO]: [0;37;22m[[0;36;1m[21mL[0;36;22m[21mP[0;37;22m][m [0;32;1mUnset [0;36;1messentials.enderchest[0;32;1m for [0;36;1mlorspi[0;32;1m in context [0;33;1mglobal[0;32;1m.[m
[16:05:06] [Dynmap Render Thread/INFO]: [dynmap] Loading default resource pack
[16:05:12] [Server thread/INFO]: [Skript] [m
[16:05:12] [Server thread/INFO]: [Skript] == org.bukkit.event.inventory.InventoryClickEvent ==[m
[16:05:12] [Server thread/INFO]: [Skript] # inventory click[m
[16:05:12] [Server thread/INFO]: [Skript] # inventory click took 0.8869 milliseconds[m
[16:05:12] [Server thread/INFO]: [Skript] # inventory click[m
[16:05:12] [Server thread/INFO]: [Skript] # inventory click took 0.0738 milliseconds[m
[16:05:12] [Server thread/INFO]: [Skript] == took 1.4658 milliseconds ==[m
[16:05:18] [Server thread/INFO]: [Skript] [m
[16:05:18] [Server thread/INFO]: [Skript] == org.bukkit.event.player.PlayerInteractEntityEvent ==[m
[16:05:18] [Server thread/INFO]: [Skript] # rightclick on villager[m
[16:05:18] [Server thread/INFO]: [Skript] # rightclick on villager took 0.2935 milliseconds[m
[16:05:18] [Server thread/INFO]: [Skript] == took 8.9726 milliseconds ==[m
[16:05:19] [Server thread/INFO]: [Skript] [m
[16:05:19] [Server thread/INFO]: [Skript] == org.bukkit.event.player.PlayerInteractEntityEvent ==[m
[16:05:19] [Server thread/INFO]: [Skript] # rightclick on villager[m
[16:05:19] [Server thread/INFO]: [Skript] # rightclick on villager took 0.2845 milliseconds[m
[16:05:19] [Server thread/INFO]: [Skript] == took 5.7282 milliseconds ==[m
[16:05:21] [Server thread/INFO]: [Skript] [m
[16:05:21] [Server thread/INFO]: [Skript] == org.bukkit.event.player.PlayerInteractEntityEvent ==[m
[16:05:21] [Server thread/INFO]: [Skript]  -x- was cancelled[m
[16:05:25] [Server thread/INFO]: [Skript] [m
[16:05:25] [Server thread/INFO]: [Skript] == org.bukkit.event.player.PlayerInteractEvent ==[m
[16:05:25] [Server thread/INFO]: [Skript] # rightclick with echo shard[m
[16:05:25] [Server thread/INFO]: [Skript] # rightclick with echo shard took 0.897 milliseconds[m
[16:05:25] [Server thread/INFO]: [Skript] == took 1.7448 milliseconds ==[m
[16:05:25] [luckperms-command-executor/INFO]: [0;37;22m[[0;36;1m[21mL[0;36;22m[21mP[0;37;22m][m [0;32;1mSet [0;36;1messentials.enderchest[0;32;1m to [0;36;1mtrue[0;32;1m for [0;36;1mlorspi[0;32;1m in context [0;33;1mglobal[0;32;1m.[m
[16:05:26] [luckperms-command-executor/INFO]: [0;37;22m[[0;36;1m[21mL[0;36;22m[21mP[0;37;22m][m [0;32;1mUnset [0;36;1messentials.enderchest[0;32;1m for [0;36;1mlorspi[0;32;1m in context [0;33;1mglobal[0;32;1m.[m
[16:06:14] [Server thread/INFO]: [Skript] [m
[16:06:14] [Server thread/INFO]: [Skript] == org.bukkit.event.player.PlayerInteractEvent ==[m
[16:06:14] [Server thread/INFO]: [Skript] # rightclick with echo shard[m
[16:06:14] [Server thread/INFO]: [Skript] # rightclick with echo shard took 1.3852 milliseconds[m
[16:06:14] [Server thread/INFO]: [Skript] == took 2.5296 milliseconds ==[m
[16:06:14] [luckperms-command-executor/INFO]: [0;37;22m[[0;36;1m[21mL[0;36;22m[21mP[0;37;22m][m [0;32;1mSet [0;36;1messentials.enderchest[0;32;1m to [0;36;1mtrue[0;32;1m for [0;36;1mlorspi[0;32;1m in context [0;33;1mglobal[0;32;1m.[m
[16:06:14] [luckperms-command-executor/INFO]: [0;37;22m[[0;36;1m[21mL[0;36;22m[21mP[0;37;22m][m [0;32;1mUnset [0;36;1messentials.enderchest[0;32;1m for [0;36;1mlorspi[0;32;1m in context [0;33;1mglobal[0;32;1m.[m
[16:07:05] [Server thread/INFO]: lorspi issued server command: /sk reload items-op.sk
[16:07:06] [Server thread/INFO]: [Skript] [m
[16:07:06] [Server thread/INFO]: [Skript] == org.bukkit.event.player.PlayerInteractEvent ==[m
[16:07:06] [Server thread/INFO]: [Skript] # rightclick with echo shard[m
[16:07:06] [Server thread/INFO]: [Skript] # rightclick with echo shard took 1.4951 milliseconds[m
[16:07:06] [Server thread/INFO]: [Skript] == took 2.4284 milliseconds ==[m
[16:07:06] [luckperms-command-executor/INFO]: [0;37;22m[[0;36;1m[21mL[0;36;22m[21mP[0;37;22m][m [0;32;1mSet [0;36;1messentials.enderchest[0;32;1m to [0;36;1mtrue[0;32;1m for [0;36;1mlorspi[0;32;1m in context [0;33;1mglobal[0;32;1m.[m
[16:07:06] [luckperms-command-executor/INFO]: [0;37;22m[[0;36;1m[21mL[0;36;22m[21mP[0;37;22m][m [0;32;1mUnset [0;36;1messentials.enderchest[0;32;1m for [0;36;1mlorspi[0;32;1m in context [0;33;1mglobal[0;32;1m.[m
[16:07:23] [Server thread/INFO]: [Skript] [m
[16:07:23] [Server thread/INFO]: [Skript] == org.bukkit.event.player.PlayerInteractEntityEvent ==[m
[16:07:23] [Server thread/INFO]: [Skript] # rightclick on villager[m
[16:07:23] [Server thread/INFO]: [Skript] # rightclick on villager took 4.6165 milliseconds[m
[16:07:23] [Server thread/INFO]: [Skript] == took 9.9628 milliseconds ==[m
[16:07:42] [Server thread/INFO]: [Skript] [m
[16:07:42] [Server thread/INFO]: [Skript] == org.bukkit.event.player.PlayerInteractEvent ==[m
[16:07:42] [Server thread/INFO]: [Skript] # rightclick with echo shard[m
[16:07:42] [Server thread/INFO]: [Skript] # rightclick with echo shard took 1.231 milliseconds[m
[16:07:42] [Server thread/INFO]: [Skript] == took 1.832 milliseconds ==[m
[16:07:42] [luckperms-command-executor/INFO]: [0;37;22m[[0;36;1m[21mL[0;36;22m[21mP[0;37;22m][m [0;32;1mSet [0;36;1messentials.enderchest[0;32;1m to [0;36;1mtrue[0;32;1m for [0;36;1mlorspi[0;32;1m in context [0;33;1mglobal[0;32;1m.[m
[16:07:42] [luckperms-command-executor/INFO]: [0;37;22m[[0;36;1m[21mL[0;36;22m[21mP[0;37;22m][m [0;32;1mUnset [0;36;1messentials.enderchest[0;32;1m for [0;36;1mlorspi[0;32;1m in context [0;33;1mglobal[0;32;1m.[m
[16:07:55] [Server thread/INFO]: [Skript] [m
[16:07:55] [Server thread/INFO]: [Skript] == org.bukkit.event.inventory.InventoryCreativeEvent ==[m
[16:07:55] [Server thread/INFO]: [Skript] # inventory click[m
[16:07:55] [Server thread/INFO]: [Skript] # inventory click took 0.2085 milliseconds[m
[16:07:55] [Server thread/INFO]: [Skript] # inventory click[m
[16:07:55] [Server thread/INFO]: [Skript] # inventory click took 0.0739 milliseconds[m
[16:07:55] [Server thread/INFO]: [Skript] == took 0.7509 milliseconds ==[m
[16:07:58] [Server thread/INFO]: [Skript] [m
[16:07:58] [Server thread/INFO]: [Skript] == org.bukkit.event.inventory.InventoryClickEvent ==[m
[16:07:58] [Server thread/INFO]: [Skript] # inventory click[m
[16:07:58] [Server thread/INFO]: [Skript] # inventory click took 0.0863 milliseconds[m
[16:07:58] [Server thread/INFO]: [Skript] # inventory click[m
[16:07:58] [Server thread/INFO]: [Skript] # inventory click took 0.051 milliseconds[m
[16:07:58] [Server thread/INFO]: [Skript] == took 0.4796 milliseconds ==[m
[16:07:59] [Server thread/INFO]: [Skript] [m
[16:07:59] [Server thread/INFO]: [Skript] == org.bukkit.event.inventory.InventoryClickEvent ==[m
[16:07:59] [Server thread/INFO]: [Skript] # inventory click[m
[16:07:59] [Server thread/INFO]: [Skript] # inventory click took 0.1408 milliseconds[m
[16:07:59] [Server thread/INFO]: [Skript] # inventory click[m
[16:07:59] [Server thread/INFO]: [Skript] # inventory click took 0.0754 milliseconds[m
[16:07:59] [Server thread/INFO]: [Skript] == took 0.9192 milliseconds ==[m
[16:08:07] [Server thread/INFO]: Stopping the server
[16:08:07] [Server thread/INFO]: Stopping server
[16:08:07] [Server thread/INFO]: [BlockLocker] Disabling BlockLocker v1.12.2
[16:08:07] [Server thread/INFO]: [skript-towny] Disabling skript-towny v1.0.2
[16:08:07] [Server thread/INFO]: [Dynmap-Towny] Disabling Dynmap-Towny v1.1.2
[16:08:07] [Server thread/INFO]: [MobsToEggs] Disabling MobsToEggs v1.7.9
[16:08:07] [Server thread/INFO]: [Shopkeepers] Disabling Shopkeepers v2.19.0
[16:08:07] [Server thread/INFO]: [Towny] Disabling Towny v0.100.2.0
[16:08:07] [Server thread/INFO]: ==============================================================
[16:08:07] [Server thread/INFO]: [Towny] Finishing File IO Tasks...
[16:08:07] [Server thread/INFO]: [Towny] Finishing Universe Tasks...
[16:08:07] [Server thread/INFO]: [Towny] Version: 0.100.2.0 - Plugin Disabled
[16:08:07] [Server thread/INFO]: =============================================================
[16:08:07] [Server thread/INFO]: [skript-yaml] Disabling skript-yaml v1.5
[16:08:07] [Server thread/INFO]: [Graves] Disabling Graves v4.9
[16:08:07] [Server thread/INFO]: [Lootin] Disabling Lootin v9.1
[16:08:07] [Server thread/INFO]: [SkQuery] Disabling SkQuery v4.1.10
[16:08:07] [Server thread/INFO]: [Skript] Disabling Skript v2.8.6
[16:08:07] [Server thread/INFO]: [BetterStructures] Disabling BetterStructures v1.6.10
[16:08:07] [Server thread/INFO]: [BetterStructures] Shutdown!
[16:08:07] [Server thread/INFO]: [CoreProtect] Disabling CoreProtect v22.4
[16:08:07] [Server thread/INFO]: [CoreProtect] Finishing up data logging. Please wait...
[16:08:08] [Server thread/INFO]: [CoreProtect] Success! Disabled CoreProtect v22.4
[16:08:08] [Server thread/INFO]: [GSit] Disabling GSit v1.9.1
[16:08:08] [Server thread/INFO]: [0;37;22m[[0;33;22mGSit[0;37;22m][0;32;1m The plugin was successfully disabled.[m
[16:08:08] [Server thread/INFO]: [WorldGuard] Disabling WorldGuard v7.0.9+5934e49
[16:08:08] [Server thread/INFO]: [WorldGuard] Shutting down executor and cancelling any pending tasks...
[16:08:08] [Server thread/INFO]: [Elevator] Disabling Elevator v3.13.0
[16:08:08] [Server thread/INFO]: Disabling Essentials v2.21.0-dev+81-cde7184
[16:08:08] [Server thread/INFO]: [Vault] [Economy] Essentials Economy unhooked.
[16:08:08] [Server thread/INFO]: [WorldEdit] Disabling WorldEdit v7.3.1+6763-2e55f4f
[16:08:08] [Server thread/INFO]: Unregistering com.sk89q.worldedit.bukkit.BukkitServerInterface from WorldEdit
[16:08:08] [Server thread/INFO]: [dynmap] Disabling dynmap v3.7-beta-5-943
[16:08:08] [Server thread/INFO]: [dynmap] Unloaded 11 components.
[16:08:08] [Server thread/INFO]: [dynmap] Stopping map renderer...
[16:08:09] [Server thread/INFO]: [dynmap] Saved 3 pending tile renders in world 'world'
[16:08:09] [Geyser Scheduled Thread-2-1/WARN]: [Geyser-Spigot] IO error while trying to use legacy ping passthrough
java.io.EOFException: null
	at java.io.DataInputStream.readUnsignedByte(DataInputStream.java:297) ~[?:?]
	at java.io.DataInputStream.readByte(DataInputStream.java:275) ~[?:?]
	at org.cloudburstmc.nbt.util.VarInts.decode(VarInts.java:149) ~[?:?]
	at org.cloudburstmc.nbt.util.VarInts.readUnsignedInt(VarInts.java:25) ~[?:?]
	at org.geysermc.geyser.ping.GeyserLegacyPingPassthrough.run(GeyserLegacyPingPassthrough.java:132) ~[?:?]
	at java.util.concurrent.Executors$RunnableAdapter.call(Executors.java:572) ~[?:?]
	at java.util.concurrent.FutureTask.runAndReset(FutureTask.java:358) ~[?:?]
	at java.util.concurrent.ScheduledThreadPoolExecutor$ScheduledFutureTask.run(ScheduledThreadPoolExecutor.java:305) ~[?:?]
	at java.util.concurrent.ThreadPoolExecutor.runWorker(ThreadPoolExecutor.java:1144) ~[?:?]
	at java.util.concurrent.ThreadPoolExecutor$Worker.run(ThreadPoolExecutor.java:642) ~[?:?]
	at io.netty.util.concurrent.FastThreadLocalRunnable.run(FastThreadLocalRunnable.java:30) ~[netty-common-4.1.82.Final.jar:4.1.82.Final]
	at java.lang.Thread.run(Thread.java:1583) ~[?:?]
[16:08:12] [Geyser Scheduled Thread-2-1/WARN]: [Geyser-Spigot] IO error while trying to use legacy ping passthrough
java.io.EOFException: null
	at java.io.DataInputStream.readUnsignedByte(DataInputStream.java:297) ~[?:?]
	at java.io.DataInputStream.readByte(DataInputStream.java:275) ~[?:?]
	at org.cloudburstmc.nbt.util.VarInts.decode(VarInts.java:149) ~[?:?]
	at org.cloudburstmc.nbt.util.VarInts.readUnsignedInt(VarInts.java:25) ~[?:?]
	at org.geysermc.geyser.ping.GeyserLegacyPingPassthrough.run(GeyserLegacyPingPassthrough.java:132) ~[?:?]
	at java.util.concurrent.Executors$RunnableAdapter.call(Executors.java:572) ~[?:?]
	at java.util.concurrent.FutureTask.runAndReset(FutureTask.java:358) ~[?:?]
	at java.util.concurrent.ScheduledThreadPoolExecutor$ScheduledFutureTask.run(ScheduledThreadPoolExecutor.java:305) ~[?:?]
	at java.util.concurrent.ThreadPoolExecutor.runWorker(ThreadPoolExecutor.java:1144) ~[?:?]
	at java.util.concurrent.ThreadPoolExecutor$Worker.run(ThreadPoolExecutor.java:642) ~[?:?]
	at io.netty.util.concurrent.FastThreadLocalRunnable.run(FastThreadLocalRunnable.java:30) ~[netty-common-4.1.82.Final.jar:4.1.82.Final]
	at java.lang.Thread.run(Thread.java:1583) ~[?:?]
[16:08:14] [Server thread/INFO]: [dynmap] Disabled
[16:08:14] [Server thread/INFO]: [BottledExp] Disabling BottledExp v3.2.2.5
[16:08:14] [Server thread/INFO]: [BottledExp] You are no longer able to fill XP into Bottles
[16:08:14] [Server thread/INFO]: [LPC] Disabling LPC v3.6.0
[16:08:14] [Server thread/INFO]: [Vault] Disabling Vault v1.7.3-b131
[16:08:14] [Server thread/INFO]: [Geyser-Spigot] Disabling Geyser-Spigot v2.3.1-SNAPSHOT
[16:08:14] [Server thread/INFO]: [Geyser-Spigot] Apagando Geyser.
[16:08:14] [Server thread/INFO]: [Geyser-Spigot] Geyser ha sido apagado correctamente.
[16:08:14] [Server thread/INFO]: [ImageFrame] Disabling ImageFrame v1.7.8.2
[16:08:14] [Server thread/INFO]: [0;31;1m[ImageFrame] ImageFrame has been Disabled![m
[16:08:14] [Server thread/INFO]: [LuckPerms] Disabling LuckPerms v5.4.102
[16:08:14] [Server thread/INFO]: [LuckPerms] Starting shutdown process...
[16:08:14] [Server thread/INFO]: [LuckPerms] Closing storage...
[16:08:14] [Server thread/INFO]: [LuckPerms] Goodbye!
[16:08:14] [Server thread/INFO]: [ItemEditor] Disabling ItemEditor v2.0.1
[16:08:14] [Server thread/INFO]: [floodgate] Disabling floodgate v2.2.3-SNAPSHOT (b106-792af7b)
[16:08:14] [Server thread/INFO]: [eShulkerBox] Disabling eShulkerBox v0.4.0
[16:08:14] [Server thread/INFO]: [31mShulkerBoxPlugin[0m disabling...
[16:08:14] [Server thread/INFO]: Terminated 'CommandService'
[16:08:14] [Server thread/INFO]: Terminated 'MessageService'
[16:08:14] [Server thread/INFO]: Terminated 'ItemMechanic'
[16:08:14] [Server thread/INFO]: Terminated 'CommandTabListService'
[16:08:14] [Server thread/INFO]: Terminated 'ShulkerBoxMechanic'
[16:08:14] [Server thread/INFO]: [31mShulkerBoxPlugin[0m disabled in 0ms
[16:08:14] [Server thread/INFO]: [ViaVersion] Disabling ViaVersion v4.10.2
[16:08:14] [Server thread/INFO]: [ViaVersion] ViaVersion is disabling, if this is a reload and you experience issues consider rebooting.
[16:08:14] [Server thread/INFO]: [ViaVersion] Empty pipeline, nothing to uninject
[16:08:14] [Server thread/INFO]: [InteractiveBooks] Disabling InteractiveBooks v1.7.4
[16:08:14] [Server thread/INFO]: [Treecapitator] Disabling Treecapitator v1.0.2
[16:08:14] [Server thread/INFO]: [WorldBorder] Disabling WorldBorder v1.2
[16:08:14] [Server thread/INFO]: [CMILib] Disabling CMILib v1.4.7.11
[16:08:14] [Server thread/INFO]: [ClearLag] Disabling ClearLag v3.2.2
[16:08:14] [Server thread/INFO]: [ClearLag] Clearlag is now disabled!
[16:08:14] [Server thread/INFO]: [ValorlessUtils] Disabling ValorlessUtils v1.7.1.227
[16:08:14] [Server thread/INFO]: [PlaceholderAPI] Disabling PlaceholderAPI v2.11.5
[16:08:14] [Server thread/INFO]: [LoginSecurity] Disabling LoginSecurity v3.3.0
[16:08:14] [Server thread/INFO]: [LoginSecurity] Waiting for queued tasks...
[16:08:14] [Server thread/INFO]: [LoginSecurity] ExecutorService shut down, ready to disable.
[16:08:14] [Server thread/INFO]: [Revive] Disabling Revive v1.0-SNAPSHOT
[16:08:14] [Server thread/INFO]: [Waystones] Disabling Waystones v1.0-1.16.3
[16:08:14] [Server thread/INFO]: [Waystones] Waystones disabled!
[16:08:14] [Server thread/INFO]: Saving players
[16:08:14] [Server thread/INFO]: lorspi lost connection: Server closed
[16:08:14] [Server thread/INFO]: lorspi left the game.
[16:08:14] [WebSocketConnectReadThread-163/INFO]: [Geyser-Spigot] The skin uploader has been closed
[16:08:14] [Server thread/INFO]: Saving worlds
[16:08:16] [Server thread/INFO]: Saving chunks for level 'ServerLevel[world]'/minecraft:overworld
[16:08:16] [Server thread/INFO]: Saving chunks for level 'ServerLevel[world_nether]'/minecraft:the_nether
[16:08:16] [Server thread/INFO]: Saving chunks for level 'ServerLevel[world_the_end]'/minecraft:the_end
[16:08:16] [Server thread/INFO]: ThreadedAnvilChunkStorage (world): All chunks are saved
[16:08:16] [Server thread/INFO]: ThreadedAnvilChunkStorage (DIM-1): All chunks are saved
[16:08:16] [Server thread/INFO]: ThreadedAnvilChunkStorage (DIM1): All chunks are saved
[16:08:16] [Server thread/INFO]: ThreadedAnvilChunkStorage: All dimensions are saved
[16:08:16] [Server thread/INFO]: Thread Query Listener stopped
