[2024-05-21 09:51:42][INFO] Loading resources...
[2024-05-21 09:51:42][FINE] Loading resources from: E:\Contenidos Perry-lorspi\Mundito 3\Servidor\world\datapacks\bukkit ...
[2024-05-21 09:51:42][FINE] Loading resources from: bluemap\resourceExtensions.zip ...
[2024-05-21 09:51:42][FINE] Loading resources from: bluemap\minecraft-client-1.20.0.jar ...
[2024-05-21 09:51:44][INFO] Loading textures...
[2024-05-21 09:51:44][FINE] Loading textures from: E:\Contenidos Perry-lorspi\Mundito 3\Servidor\world\datapacks\bukkit ...
[2024-05-21 09:51:44][FINE] Loading textures from: bluemap\resourceExtensions.zip ...
[2024-05-21 09:51:44][FINE] Loading textures from: bluemap\minecraft-client-1.20.0.jar ...
[2024-05-21 09:51:47][INFO] Baking resources...
[2024-05-21 09:51:47][INFO] Resources loaded.
[2024-05-21 09:51:47][FINE] Loading world id for 'E:\Contenidos Perry-lorspi\Mundito 3\Servidor\world'...
[2024-05-21 09:51:47][INFO] Loading world 'b339dda7-0e12-48e2-99c8-d31b6a44bf65' (E:\Contenidos Perry-lorspi\Mundito 3\Servidor\world)...
[2024-05-21 09:51:47][INFO] Initializing Storage: 'file' (Type: FILE)
[2024-05-21 09:51:47][INFO] Loading map 'Overworld'...
[2024-05-21 09:51:48][FINE] Loading world id for 'E:\Contenidos Perry-lorspi\Mundito 3\Servidor\world_the_end\DIM1'...
[2024-05-21 09:51:48][INFO] Loading world '83b0b317-86cc-4016-b00a-4429092d3926' (E:\Contenidos Perry-lorspi\Mundito 3\Servidor\world_the_end\DIM1)...
[2024-05-21 09:51:48][INFO] Loading map 'End'...
[2024-05-21 09:51:48][FINE] Loading world id for 'E:\Contenidos Perry-lorspi\Mundito 3\Servidor\world_nether\DIM-1'...
[2024-05-21 09:51:48][INFO] Loading world '8d9fda6e-6548-4633-a44c-6a9733722773' (E:\Contenidos Perry-lorspi\Mundito 3\Servidor\world_nether\DIM-1)...
[2024-05-21 09:51:48][INFO] Loading map 'Nether'...
[2024-05-21 09:51:48][INFO] WebServer bound to all network interfaces on port 8100
[2024-05-21 09:51:48][INFO] WebServer started.
[2024-05-21 09:51:48][INFO] Loaded!
[2024-05-21 09:52:06][FINE] Failed to load skin from mojang for player: '6b935d9e-c2fe-3085-a6fa-227d8624c201' - java.io.IOException: java.lang.IllegalStateException: Not a JSON Object: null
[2024-05-21 09:52:06][FINE] No player-skin provided for UUID: 6b935d9e-c2fe-3085-a6fa-227d8624c201
[2024-05-21 09:52:49][FINE] Failed to process selection: java.io.IOException: Se ha anulado una conexión establecida por el software en su equipo host.
[2024-05-21 10:08:03][INFO] Stopping...
